
2022/07/05 21:52:52 [error] 28#28: *11 connect() failed (113: No route to host) while connecting to upstream, client: 10.89.0.19, server: localhost, request: "GET / HTTP/1.1", upstream: "fastcgi://10.89.0.3:9000", host: "localhost:5000"
2022/07/05 21:52:55 [error] 28#28: *11 connect() failed (113: No route to host) while connecting to upstream, client: 10.89.0.19, server: localhost, request: "GET / HTTP/1.1", upstream: "fastcgi://10.89.0.3:9000", host: "localhost:5000"
2022/07/05 21:52:55 [error] 28#28: *11 FastCGI sent in stderr: "Primary script unknown" while reading response header from upstream, client: 10.89.0.19, server: localhost, request: "GET / HTTP/1.1", upstream: "fastcgi://10.89.0.18:9000", host: "localhost:5000"
2022/07/05 21:56:25 [notice] 1#1: signal 3 (SIGQUIT) received, shutting down
2022/07/05 21:56:25 [notice] 25#25: gracefully shutting down
2022/07/05 21:56:25 [notice] 26#26: gracefully shutting down
2022/07/05 21:56:25 [notice] 27#27: gracefully shutting down
2022/07/05 21:56:25 [notice] 28#28: gracefully shutting down
2022/07/05 21:56:25 [notice] 29#29: gracefully shutting down
2022/07/05 21:56:25 [notice] 25#25: exiting
2022/07/05 21:56:25 [notice] 26#26: exiting
2022/07/05 21:56:25 [notice] 30#30: gracefully shutting down
2022/07/05 21:56:25 [notice] 27#27: exiting
2022/07/05 21:56:25 [notice] 28#28: exiting
2022/07/05 21:56:25 [notice] 29#29: exiting
2022/07/05 21:56:25 [notice] 30#30: exiting
2022/07/05 21:56:25 [notice] 26#26: exit
2022/07/05 21:56:25 [notice] 25#25: exit
2022/07/05 21:56:25 [notice] 27#27: exit
2022/07/05 21:56:25 [notice] 29#29: exit
2022/07/05 21:56:25 [notice] 28#28: exit
2022/07/05 21:56:25 [notice] 30#30: exit
2022/07/05 21:56:25 [notice] 32#32: gracefully shutting down
2022/07/05 21:56:25 [notice] 31#31: gracefully shutting down
2022/07/05 21:56:25 [notice] 32#32: exiting
2022/07/05 21:56:25 [notice] 31#31: exiting
2022/07/05 21:56:25 [notice] 32#32: exit
2022/07/05 21:56:25 [notice] 31#31: exit
2022/07/05 21:56:25 [notice] 1#1: signal 17 (SIGCHLD) received from 26
2022/07/05 21:56:25 [notice] 1#1: worker process 26 exited with code 0
2022/07/05 21:56:25 [notice] 1#1: worker process 32 exited with code 0
2022/07/05 21:56:25 [notice] 1#1: signal 29 (SIGIO) received
2022/07/05 21:56:25 [notice] 1#1: signal 17 (SIGCHLD) received from 25
2022/07/05 21:56:25 [notice] 1#1: worker process 25 exited with code 0
2022/07/05 21:56:25 [notice] 1#1: signal 29 (SIGIO) received
2022/07/05 21:56:25 [notice] 1#1: signal 17 (SIGCHLD) received from 31
2022/07/05 21:56:25 [notice] 1#1: worker process 31 exited with code 0
2022/07/05 21:56:25 [notice] 1#1: signal 29 (SIGIO) received
2022/07/05 21:56:25 [notice] 1#1: signal 17 (SIGCHLD) received from 28
2022/07/05 21:56:25 [notice] 1#1: worker process 28 exited with code 0
2022/07/05 21:56:25 [notice] 1#1: signal 29 (SIGIO) received
2022/07/05 21:56:25 [notice] 1#1: signal 17 (SIGCHLD) received from 29
2022/07/05 21:56:25 [notice] 1#1: worker process 29 exited with code 0
2022/07/05 21:56:25 [notice] 1#1: signal 29 (SIGIO) received
2022/07/05 21:56:25 [notice] 1#1: signal 17 (SIGCHLD) received from 30
2022/07/05 21:56:25 [notice] 1#1: worker process 30 exited with code 0
2022/07/05 21:56:25 [notice] 1#1: signal 29 (SIGIO) received
2022/07/05 21:56:25 [notice] 1#1: signal 17 (SIGCHLD) received from 27
2022/07/05 21:56:25 [notice] 1#1: worker process 27 exited with code 0
2022/07/05 21:56:25 [notice] 1#1: exit
2022/07/05 21:56:26 [notice] 1#1: using the "epoll" event method
2022/07/05 21:56:26 [notice] 1#1: nginx/1.23.0
2022/07/05 21:56:26 [notice] 1#1: built by gcc 10.2.1 20210110 (Debian 10.2.1-6) 
2022/07/05 21:56:26 [notice] 1#1: OS: Linux 5.18.7-200.fc36.x86_64
2022/07/05 21:56:26 [notice] 1#1: getrlimit(RLIMIT_NOFILE): 524288:524288
2022/07/05 21:56:26 [notice] 1#1: start worker processes
2022/07/05 21:56:26 [notice] 1#1: start worker process 25
2022/07/05 21:56:26 [notice] 1#1: start worker process 26
2022/07/05 21:56:26 [notice] 1#1: start worker process 27
2022/07/05 21:56:26 [notice] 1#1: start worker process 28
2022/07/05 21:56:26 [notice] 1#1: start worker process 29
2022/07/05 21:56:26 [notice] 1#1: start worker process 30
2022/07/05 21:56:26 [notice] 1#1: start worker process 31
2022/07/05 21:56:26 [notice] 1#1: start worker process 32
2022/07/05 21:56:31 [error] 25#25: *1 FastCGI sent in stderr: "Primary script unknown" while reading response header from upstream, client: 10.89.0.21, server: localhost, request: "GET / HTTP/1.1", upstream: "fastcgi://10.89.0.20:9000", host: "localhost:5000"
2022/07/05 22:00:06 [notice] 1#1: signal 3 (SIGQUIT) received, shutting down
2022/07/05 22:00:06 [notice] 25#25: gracefully shutting down
2022/07/05 22:00:06 [notice] 26#26: gracefully shutting down
2022/07/05 22:00:06 [notice] 28#28: gracefully shutting down
2022/07/05 22:00:06 [notice] 27#27: gracefully shutting down
2022/07/05 22:00:06 [notice] 29#29: gracefully shutting down
2022/07/05 22:00:06 [notice] 25#25: exiting
2022/07/05 22:00:06 [notice] 32#32: gracefully shutting down
2022/07/05 22:00:06 [notice] 26#26: exiting
2022/07/05 22:00:06 [notice] 28#28: exiting
2022/07/05 22:00:06 [notice] 31#31: gracefully shutting down
2022/07/05 22:00:06 [notice] 27#27: exiting
2022/07/05 22:00:06 [notice] 29#29: exiting
2022/07/05 22:00:06 [notice] 32#32: exiting
2022/07/05 22:00:06 [notice] 31#31: exiting
2022/07/05 22:00:06 [notice] 25#25: exit
2022/07/05 22:00:06 [notice] 26#26: exit
2022/07/05 22:00:06 [notice] 28#28: exit
2022/07/05 22:00:06 [notice] 29#29: exit
2022/07/05 22:00:06 [notice] 32#32: exit
2022/07/05 22:00:06 [notice] 27#27: exit
2022/07/05 22:00:06 [notice] 31#31: exit
2022/07/05 22:00:06 [notice] 30#30: gracefully shutting down
2022/07/05 22:00:06 [notice] 30#30: exiting
2022/07/05 22:00:06 [notice] 30#30: exit
2022/07/05 22:00:07 [notice] 1#1: signal 17 (SIGCHLD) received from 25
2022/07/05 22:00:07 [notice] 1#1: worker process 25 exited with code 0
2022/07/05 22:00:07 [notice] 1#1: worker process 28 exited with code 0
2022/07/05 22:00:07 [notice] 1#1: worker process 32 exited with code 0
2022/07/05 22:00:07 [notice] 1#1: signal 29 (SIGIO) received
2022/07/05 22:00:07 [notice] 1#1: signal 17 (SIGCHLD) received from 32
2022/07/05 22:00:07 [notice] 1#1: worker process 26 exited with code 0
2022/07/05 22:00:07 [notice] 1#1: signal 29 (SIGIO) received
2022/07/05 22:00:07 [notice] 1#1: signal 17 (SIGCHLD) received from 30
2022/07/05 22:00:07 [notice] 1#1: worker process 30 exited with code 0
2022/07/05 22:00:07 [notice] 1#1: signal 29 (SIGIO) received
2022/07/05 22:00:07 [notice] 1#1: signal 17 (SIGCHLD) received from 29
2022/07/05 22:00:07 [notice] 1#1: worker process 29 exited with code 0
2022/07/05 22:00:07 [notice] 1#1: signal 29 (SIGIO) received
2022/07/05 22:00:07 [notice] 1#1: signal 17 (SIGCHLD) received from 27
2022/07/05 22:00:07 [notice] 1#1: worker process 27 exited with code 0
2022/07/05 22:00:07 [notice] 1#1: worker process 31 exited with code 0
2022/07/05 22:00:07 [notice] 1#1: exit
2022/07/05 22:00:08 [emerg] 1#1: unknown directive "gzip_staticon" in /etc/nginx/conf.d/default.conf:13
2022/07/05 22:00:51 [notice] 1#1: using the "epoll" event method
2022/07/05 22:00:51 [notice] 1#1: nginx/1.23.0
2022/07/05 22:00:51 [notice] 1#1: built by gcc 10.2.1 20210110 (Debian 10.2.1-6) 
2022/07/05 22:00:51 [notice] 1#1: OS: Linux 5.18.7-200.fc36.x86_64
2022/07/05 22:00:51 [notice] 1#1: getrlimit(RLIMIT_NOFILE): 524288:524288
2022/07/05 22:00:51 [notice] 1#1: start worker processes
2022/07/05 22:00:51 [notice] 1#1: start worker process 25
2022/07/05 22:00:51 [notice] 1#1: start worker process 26
2022/07/05 22:00:51 [notice] 1#1: start worker process 27
2022/07/05 22:00:51 [notice] 1#1: start worker process 28
2022/07/05 22:00:51 [notice] 1#1: start worker process 29
2022/07/05 22:00:51 [notice] 1#1: start worker process 30
2022/07/05 22:00:51 [notice] 1#1: start worker process 31
2022/07/05 22:00:51 [notice] 1#1: start worker process 32
2022/07/05 22:08:33 [notice] 1#1: signal 3 (SIGQUIT) received, shutting down
2022/07/05 22:08:33 [notice] 25#25: gracefully shutting down
2022/07/05 22:08:33 [notice] 26#26: gracefully shutting down
2022/07/05 22:08:33 [notice] 28#28: gracefully shutting down
2022/07/05 22:08:33 [notice] 25#25: exiting
2022/07/05 22:08:33 [notice] 27#27: gracefully shutting down
2022/07/05 22:08:33 [notice] 29#29: gracefully shutting down
2022/07/05 22:08:33 [notice] 26#26: exiting
2022/07/05 22:08:33 [notice] 30#30: gracefully shutting down
2022/07/05 22:08:33 [notice] 28#28: exiting
2022/07/05 22:08:33 [notice] 25#25: exit
2022/07/05 22:08:33 [notice] 27#27: exiting
2022/07/05 22:08:33 [notice] 29#29: exiting
2022/07/05 22:08:33 [notice] 31#31: gracefully shutting down
2022/07/05 22:08:33 [notice] 30#30: exiting
2022/07/05 22:08:33 [notice] 26#26: exit
2022/07/05 22:08:33 [notice] 28#28: exit
2022/07/05 22:08:33 [notice] 31#31: exiting
2022/07/05 22:08:33 [notice] 29#29: exit
2022/07/05 22:08:33 [notice] 27#27: exit
2022/07/05 22:08:33 [notice] 30#30: exit
2022/07/05 22:08:33 [notice] 31#31: exit
2022/07/05 22:08:33 [notice] 32#32: gracefully shutting down
2022/07/05 22:08:33 [notice] 32#32: exiting
2022/07/05 22:08:33 [notice] 32#32: exit
2022/07/05 22:08:33 [notice] 1#1: signal 17 (SIGCHLD) received from 29
2022/07/05 22:08:33 [notice] 1#1: worker process 29 exited with code 0
2022/07/05 22:08:33 [notice] 1#1: signal 29 (SIGIO) received
2022/07/05 22:08:33 [notice] 1#1: signal 17 (SIGCHLD) received from 28
2022/07/05 22:08:33 [notice] 1#1: worker process 25 exited with code 0
2022/07/05 22:08:33 [notice] 1#1: worker process 28 exited with code 0
2022/07/05 22:08:33 [notice] 1#1: signal 29 (SIGIO) received
2022/07/05 22:08:33 [notice] 1#1: signal 17 (SIGCHLD) received from 25
2022/07/05 22:08:33 [notice] 1#1: signal 17 (SIGCHLD) received from 27
2022/07/05 22:08:33 [notice] 1#1: worker process 27 exited with code 0
2022/07/05 22:08:33 [notice] 1#1: signal 29 (SIGIO) received
2022/07/05 22:08:33 [notice] 1#1: signal 17 (SIGCHLD) received from 32
2022/07/05 22:08:33 [notice] 1#1: worker process 32 exited with code 0
2022/07/05 22:08:33 [notice] 1#1: signal 29 (SIGIO) received
2022/07/05 22:08:33 [notice] 1#1: signal 17 (SIGCHLD) received from 26
2022/07/05 22:08:33 [notice] 1#1: worker process 26 exited with code 0
2022/07/05 22:08:33 [notice] 1#1: signal 17 (SIGCHLD) received from 30
2022/07/05 22:08:33 [notice] 1#1: worker process 30 exited with code 0
2022/07/05 22:08:33 [notice] 1#1: worker process 31 exited with code 0
2022/07/05 22:08:33 [notice] 1#1: exit
2022/07/05 22:08:34 [notice] 1#1: using the "epoll" event method
2022/07/05 22:08:34 [notice] 1#1: nginx/1.23.0
2022/07/05 22:08:34 [notice] 1#1: built by gcc 10.2.1 20210110 (Debian 10.2.1-6) 
2022/07/05 22:08:34 [notice] 1#1: OS: Linux 5.18.7-200.fc36.x86_64
2022/07/05 22:08:34 [notice] 1#1: getrlimit(RLIMIT_NOFILE): 524288:524288
2022/07/05 22:08:34 [notice] 1#1: start worker processes
2022/07/05 22:08:34 [notice] 1#1: start worker process 25
2022/07/05 22:08:34 [notice] 1#1: start worker process 26
2022/07/05 22:08:34 [notice] 1#1: start worker process 27
2022/07/05 22:08:34 [notice] 1#1: start worker process 28
2022/07/05 22:08:34 [notice] 1#1: start worker process 29
2022/07/05 22:08:34 [notice] 1#1: start worker process 30
2022/07/05 22:08:34 [notice] 1#1: start worker process 31
2022/07/05 22:08:34 [notice] 1#1: start worker process 32
2022/07/05 22:08:43 [notice] 1#1: signal 3 (SIGQUIT) received, shutting down
2022/07/05 22:08:43 [notice] 26#26: gracefully shutting down
2022/07/05 22:08:43 [notice] 25#25: gracefully shutting down
2022/07/05 22:08:43 [notice] 27#27: gracefully shutting down
2022/07/05 22:08:43 [notice] 29#29: gracefully shutting down
2022/07/05 22:08:43 [notice] 26#26: exiting
2022/07/05 22:08:43 [notice] 31#31: gracefully shutting down
2022/07/05 22:08:43 [notice] 28#28: gracefully shutting down
2022/07/05 22:08:43 [notice] 25#25: exiting
2022/07/05 22:08:43 [notice] 27#27: exiting
2022/07/05 22:08:43 [notice] 29#29: exiting
2022/07/05 22:08:43 [notice] 31#31: exiting
2022/07/05 22:08:43 [notice] 28#28: exiting
2022/07/05 22:08:43 [notice] 26#26: exit
2022/07/05 22:08:43 [notice] 30#30: gracefully shutting down
2022/07/05 22:08:43 [notice] 25#25: exit
2022/07/05 22:08:43 [notice] 31#31: exit
2022/07/05 22:08:43 [notice] 27#27: exit
2022/07/05 22:08:43 [notice] 30#30: exiting
2022/07/05 22:08:43 [notice] 29#29: exit
2022/07/05 22:08:43 [notice] 28#28: exit
2022/07/05 22:08:43 [notice] 30#30: exit
2022/07/05 22:08:43 [notice] 32#32: gracefully shutting down
2022/07/05 22:08:43 [notice] 32#32: exiting
2022/07/05 22:08:43 [notice] 32#32: exit
2022/07/05 22:08:43 [notice] 1#1: signal 17 (SIGCHLD) received from 26
2022/07/05 22:08:43 [notice] 1#1: worker process 25 exited with code 0
2022/07/05 22:08:43 [notice] 1#1: worker process 26 exited with code 0
2022/07/05 22:08:43 [notice] 1#1: worker process 27 exited with code 0
2022/07/05 22:08:43 [notice] 1#1: worker process 31 exited with code 0
2022/07/05 22:08:43 [notice] 1#1: worker process 28 exited with code 0
2022/07/05 22:08:43 [notice] 1#1: worker process 32 exited with code 0
2022/07/05 22:08:43 [notice] 1#1: signal 29 (SIGIO) received
2022/07/05 22:08:43 [notice] 1#1: signal 17 (SIGCHLD) received from 27
2022/07/05 22:08:43 [notice] 1#1: signal 17 (SIGCHLD) received from 30
2022/07/05 22:08:43 [notice] 1#1: worker process 30 exited with code 0
2022/07/05 22:08:43 [notice] 1#1: signal 29 (SIGIO) received
2022/07/05 22:08:43 [notice] 1#1: signal 17 (SIGCHLD) received from 29
2022/07/05 22:08:43 [notice] 1#1: worker process 29 exited with code 0
2022/07/05 22:08:43 [notice] 1#1: exit
2022/07/05 22:08:45 [notice] 1#1: using the "epoll" event method
2022/07/05 22:08:45 [notice] 1#1: nginx/1.23.0
2022/07/05 22:08:45 [notice] 1#1: built by gcc 10.2.1 20210110 (Debian 10.2.1-6) 
2022/07/05 22:08:45 [notice] 1#1: OS: Linux 5.18.7-200.fc36.x86_64
2022/07/05 22:08:45 [notice] 1#1: getrlimit(RLIMIT_NOFILE): 524288:524288
2022/07/05 22:08:45 [notice] 1#1: start worker processes
2022/07/05 22:08:45 [notice] 1#1: start worker process 25
2022/07/05 22:08:45 [notice] 1#1: start worker process 26
2022/07/05 22:08:45 [notice] 1#1: start worker process 27
2022/07/05 22:08:45 [notice] 1#1: start worker process 28
2022/07/05 22:08:45 [notice] 1#1: start worker process 29
2022/07/05 22:08:45 [notice] 1#1: start worker process 30
2022/07/05 22:08:45 [notice] 1#1: start worker process 31
2022/07/05 22:08:45 [notice] 1#1: start worker process 32
2022/07/05 22:09:12 [notice] 1#1: signal 3 (SIGQUIT) received, shutting down
2022/07/05 22:09:12 [notice] 25#25: gracefully shutting down
2022/07/05 22:09:12 [notice] 26#26: gracefully shutting down
2022/07/05 22:09:12 [notice] 27#27: gracefully shutting down
2022/07/05 22:09:12 [notice] 28#28: gracefully shutting down
2022/07/05 22:09:12 [notice] 30#30: gracefully shutting down
2022/07/05 22:09:12 [notice] 25#25: exiting
2022/07/05 22:09:12 [notice] 30#30: exiting
2022/07/05 22:09:12 [notice] 29#29: gracefully shutting down
2022/07/05 22:09:12 [notice] 26#26: exiting
2022/07/05 22:09:12 [notice] 27#27: exiting
2022/07/05 22:09:12 [notice] 28#28: exiting
2022/07/05 22:09:12 [notice] 29#29: exiting
2022/07/05 22:09:12 [notice] 30#30: exit
2022/07/05 22:09:12 [notice] 25#25: exit
2022/07/05 22:09:12 [notice] 26#26: exit
2022/07/05 22:09:12 [notice] 27#27: exit
2022/07/05 22:09:12 [notice] 28#28: exit
2022/07/05 22:09:12 [notice] 29#29: exit
2022/07/05 22:09:12 [notice] 31#31: gracefully shutting down
2022/07/05 22:09:12 [notice] 32#32: gracefully shutting down
2022/07/05 22:09:12 [notice] 31#31: exiting
2022/07/05 22:09:12 [notice] 32#32: exiting
2022/07/05 22:09:12 [notice] 31#31: exit
2022/07/05 22:09:12 [notice] 32#32: exit
2022/07/05 22:09:12 [notice] 1#1: signal 17 (SIGCHLD) received from 25
2022/07/05 22:09:12 [notice] 1#1: worker process 25 exited with code 0
2022/07/05 22:09:12 [notice] 1#1: signal 29 (SIGIO) received
2022/07/05 22:09:12 [notice] 1#1: signal 17 (SIGCHLD) received from 29
2022/07/05 22:09:12 [notice] 1#1: worker process 29 exited with code 0
2022/07/05 22:09:12 [notice] 1#1: signal 29 (SIGIO) received
2022/07/05 22:09:12 [notice] 1#1: signal 17 (SIGCHLD) received from 30
2022/07/05 22:09:12 [notice] 1#1: worker process 30 exited with code 0
2022/07/05 22:09:12 [notice] 1#1: signal 29 (SIGIO) received
2022/07/05 22:09:12 [notice] 1#1: signal 17 (SIGCHLD) received from 28
2022/07/05 22:09:12 [notice] 1#1: worker process 27 exited with code 0
2022/07/05 22:09:12 [notice] 1#1: worker process 28 exited with code 0
2022/07/05 22:09:12 [notice] 1#1: signal 29 (SIGIO) received
2022/07/05 22:09:12 [notice] 1#1: signal 17 (SIGCHLD) received from 31
2022/07/05 22:09:12 [notice] 1#1: worker process 26 exited with code 0
2022/07/05 22:09:12 [notice] 1#1: worker process 31 exited with code 0
2022/07/05 22:09:12 [notice] 1#1: signal 29 (SIGIO) received
2022/07/05 22:09:12 [notice] 1#1: signal 17 (SIGCHLD) received from 32
2022/07/05 22:09:12 [notice] 1#1: worker process 32 exited with code 0
2022/07/05 22:09:12 [notice] 1#1: exit
2022/07/05 22:09:14 [notice] 1#1: using the "epoll" event method
2022/07/05 22:09:14 [notice] 1#1: nginx/1.23.0
2022/07/05 22:09:14 [notice] 1#1: built by gcc 10.2.1 20210110 (Debian 10.2.1-6) 
2022/07/05 22:09:14 [notice] 1#1: OS: Linux 5.18.7-200.fc36.x86_64
2022/07/05 22:09:14 [notice] 1#1: getrlimit(RLIMIT_NOFILE): 524288:524288
2022/07/05 22:09:14 [notice] 1#1: start worker processes
2022/07/05 22:09:14 [notice] 1#1: start worker process 25
2022/07/05 22:09:14 [notice] 1#1: start worker process 26
2022/07/05 22:09:14 [notice] 1#1: start worker process 27
2022/07/05 22:09:14 [notice] 1#1: start worker process 28
2022/07/05 22:09:14 [notice] 1#1: start worker process 29
2022/07/05 22:09:14 [notice] 1#1: start worker process 30
2022/07/05 22:09:14 [notice] 1#1: start worker process 31
2022/07/05 22:09:14 [notice] 1#1: start worker process 32
2022/07/05 22:21:24 [notice] 1#1: signal 3 (SIGQUIT) received, shutting down
2022/07/05 22:21:24 [notice] 25#25: gracefully shutting down
2022/07/05 22:21:24 [notice] 26#26: gracefully shutting down
2022/07/05 22:21:24 [notice] 27#27: gracefully shutting down
2022/07/05 22:21:24 [notice] 28#28: gracefully shutting down
2022/07/05 22:21:24 [notice] 29#29: gracefully shutting down
2022/07/05 22:21:24 [notice] 31#31: gracefully shutting down
2022/07/05 22:21:24 [notice] 30#30: gracefully shutting down
2022/07/05 22:21:24 [notice] 25#25: exiting
2022/07/05 22:21:24 [notice] 26#26: exiting
2022/07/05 22:21:24 [notice] 27#27: exiting
2022/07/05 22:21:24 [notice] 28#28: exiting
2022/07/05 22:21:24 [notice] 29#29: exiting
2022/07/05 22:21:24 [notice] 31#31: exiting
2022/07/05 22:21:24 [notice] 30#30: exiting
2022/07/05 22:21:24 [notice] 25#25: exit
2022/07/05 22:21:24 [notice] 27#27: exit
2022/07/05 22:21:24 [notice] 28#28: exit
2022/07/05 22:21:24 [notice] 29#29: exit
2022/07/05 22:21:24 [notice] 26#26: exit
2022/07/05 22:21:24 [notice] 30#30: exit
2022/07/05 22:21:24 [notice] 31#31: exit
2022/07/05 22:21:24 [notice] 32#32: gracefully shutting down
2022/07/05 22:21:24 [notice] 32#32: exiting
2022/07/05 22:21:24 [notice] 32#32: exit
2022/07/05 22:21:24 [notice] 1#1: signal 17 (SIGCHLD) received from 28
2022/07/05 22:21:24 [notice] 1#1: worker process 28 exited with code 0
2022/07/05 22:21:24 [notice] 1#1: signal 29 (SIGIO) received
2022/07/05 22:21:24 [notice] 1#1: signal 17 (SIGCHLD) received from 25
2022/07/05 22:21:24 [notice] 1#1: worker process 25 exited with code 0
2022/07/05 22:21:24 [notice] 1#1: worker process 26 exited with code 0
2022/07/05 22:21:24 [notice] 1#1: worker process 29 exited with code 0
2022/07/05 22:21:24 [notice] 1#1: signal 29 (SIGIO) received
2022/07/05 22:21:24 [notice] 1#1: signal 17 (SIGCHLD) received from 29
2022/07/05 22:21:24 [notice] 1#1: signal 17 (SIGCHLD) received from 31
2022/07/05 22:21:24 [notice] 1#1: worker process 31 exited with code 0
2022/07/05 22:21:24 [notice] 1#1: worker process 32 exited with code 0
2022/07/05 22:21:24 [notice] 1#1: signal 29 (SIGIO) received
2022/07/05 22:21:24 [notice] 1#1: signal 17 (SIGCHLD) received from 30
2022/07/05 22:21:24 [notice] 1#1: worker process 30 exited with code 0
2022/07/05 22:21:24 [notice] 1#1: signal 29 (SIGIO) received
2022/07/05 22:21:24 [notice] 1#1: signal 17 (SIGCHLD) received from 27
2022/07/05 22:21:24 [notice] 1#1: worker process 27 exited with code 0
2022/07/05 22:21:24 [notice] 1#1: exit
2022/07/05 22:21:26 [notice] 1#1: using the "epoll" event method
2022/07/05 22:21:26 [notice] 1#1: nginx/1.23.0
2022/07/05 22:21:26 [notice] 1#1: built by gcc 10.2.1 20210110 (Debian 10.2.1-6) 
2022/07/05 22:21:26 [notice] 1#1: OS: Linux 5.18.7-200.fc36.x86_64
2022/07/05 22:21:26 [notice] 1#1: getrlimit(RLIMIT_NOFILE): 524288:524288
2022/07/05 22:21:26 [notice] 1#1: start worker processes
2022/07/05 22:21:26 [notice] 1#1: start worker process 25
2022/07/05 22:21:26 [notice] 1#1: start worker process 26
2022/07/05 22:21:26 [notice] 1#1: start worker process 27
2022/07/05 22:21:26 [notice] 1#1: start worker process 28
2022/07/05 22:21:26 [notice] 1#1: start worker process 29
2022/07/05 22:21:26 [notice] 1#1: start worker process 30
2022/07/05 22:21:26 [notice] 1#1: start worker process 31
2022/07/05 22:21:26 [notice] 1#1: start worker process 32
2022/07/05 22:21:54 [notice] 1#1: signal 3 (SIGQUIT) received, shutting down
2022/07/05 22:21:54 [notice] 25#25: gracefully shutting down
2022/07/05 22:21:54 [notice] 26#26: gracefully shutting down
2022/07/05 22:21:54 [notice] 28#28: gracefully shutting down
2022/07/05 22:21:54 [notice] 25#25: exiting
2022/07/05 22:21:54 [notice] 27#27: gracefully shutting down
2022/07/05 22:21:54 [notice] 29#29: gracefully shutting down
2022/07/05 22:21:54 [notice] 26#26: exiting
2022/07/05 22:21:54 [notice] 28#28: exiting
2022/07/05 22:21:54 [notice] 30#30: gracefully shutting down
2022/07/05 22:21:54 [notice] 25#25: exit
2022/07/05 22:21:54 [notice] 31#31: gracefully shutting down
2022/07/05 22:21:54 [notice] 27#27: exiting
2022/07/05 22:21:54 [notice] 29#29: exiting
2022/07/05 22:21:54 [notice] 30#30: exiting
2022/07/05 22:21:54 [notice] 28#28: exit
2022/07/05 22:21:54 [notice] 26#26: exit
2022/07/05 22:21:54 [notice] 31#31: exiting
2022/07/05 22:21:54 [notice] 29#29: exit
2022/07/05 22:21:54 [notice] 27#27: exit
2022/07/05 22:21:54 [notice] 30#30: exit
2022/07/05 22:21:54 [notice] 31#31: exit
2022/07/05 22:21:54 [notice] 32#32: gracefully shutting down
2022/07/05 22:21:54 [notice] 32#32: exiting
2022/07/05 22:21:54 [notice] 32#32: exit
2022/07/05 22:21:54 [notice] 1#1: signal 17 (SIGCHLD) received from 30
2022/07/05 22:21:54 [notice] 1#1: worker process 30 exited with code 0
2022/07/05 22:21:54 [notice] 1#1: signal 29 (SIGIO) received
2022/07/05 22:21:54 [notice] 1#1: signal 17 (SIGCHLD) received from 26
2022/07/05 22:21:54 [notice] 1#1: worker process 25 exited with code 0
2022/07/05 22:21:54 [notice] 1#1: worker process 26 exited with code 0
2022/07/05 22:21:54 [notice] 1#1: worker process 32 exited with code 0
2022/07/05 22:21:54 [notice] 1#1: signal 29 (SIGIO) received
2022/07/05 22:21:54 [notice] 1#1: signal 17 (SIGCHLD) received from 25
2022/07/05 22:21:54 [notice] 1#1: worker process 29 exited with code 0
2022/07/05 22:21:54 [notice] 1#1: signal 29 (SIGIO) received
2022/07/05 22:21:54 [notice] 1#1: signal 17 (SIGCHLD) received from 28
2022/07/05 22:21:54 [notice] 1#1: worker process 28 exited with code 0
2022/07/05 22:21:54 [notice] 1#1: signal 17 (SIGCHLD) received from 31
2022/07/05 22:21:54 [notice] 1#1: worker process 31 exited with code 0
2022/07/05 22:21:54 [notice] 1#1: signal 29 (SIGIO) received
2022/07/05 22:21:54 [notice] 1#1: signal 29 (SIGIO) received
2022/07/05 22:21:54 [notice] 1#1: signal 17 (SIGCHLD) received from 27
2022/07/05 22:21:54 [notice] 1#1: worker process 27 exited with code 0
2022/07/05 22:21:54 [notice] 1#1: exit
2022/07/05 22:21:56 [notice] 1#1: using the "epoll" event method
2022/07/05 22:21:56 [notice] 1#1: nginx/1.23.0
2022/07/05 22:21:56 [notice] 1#1: built by gcc 10.2.1 20210110 (Debian 10.2.1-6) 
2022/07/05 22:21:56 [notice] 1#1: OS: Linux 5.18.7-200.fc36.x86_64
2022/07/05 22:21:56 [notice] 1#1: getrlimit(RLIMIT_NOFILE): 524288:524288
2022/07/05 22:21:56 [notice] 1#1: start worker processes
2022/07/05 22:21:56 [notice] 1#1: start worker process 25
2022/07/05 22:21:56 [notice] 1#1: start worker process 26
2022/07/05 22:21:56 [notice] 1#1: start worker process 27
2022/07/05 22:21:56 [notice] 1#1: start worker process 28
2022/07/05 22:21:56 [notice] 1#1: start worker process 29
2022/07/05 22:21:56 [notice] 1#1: start worker process 30
2022/07/05 22:21:56 [notice] 1#1: start worker process 31
2022/07/05 22:21:56 [notice] 1#1: start worker process 32
2022/07/05 22:22:19 [notice] 1#1: signal 3 (SIGQUIT) received, shutting down
2022/07/05 22:22:19 [notice] 25#25: gracefully shutting down
2022/07/05 22:22:19 [notice] 26#26: gracefully shutting down
2022/07/05 22:22:19 [notice] 27#27: gracefully shutting down
2022/07/05 22:22:19 [notice] 28#28: gracefully shutting down
2022/07/05 22:22:19 [notice] 29#29: gracefully shutting down
2022/07/05 22:22:19 [notice] 25#25: exiting
2022/07/05 22:22:19 [notice] 30#30: gracefully shutting down
2022/07/05 22:22:19 [notice] 26#26: exiting
2022/07/05 22:22:19 [notice] 27#27: exiting
2022/07/05 22:22:19 [notice] 30#30: exiting
2022/07/05 22:22:19 [notice] 28#28: exiting
2022/07/05 22:22:19 [notice] 29#29: exiting
2022/07/05 22:22:19 [notice] 25#25: exit
2022/07/05 22:22:19 [notice] 26#26: exit
2022/07/05 22:22:19 [notice] 27#27: exit
2022/07/05 22:22:19 [notice] 30#30: exit
2022/07/05 22:22:19 [notice] 28#28: exit
2022/07/05 22:22:19 [notice] 29#29: exit
2022/07/05 22:22:19 [notice] 32#32: gracefully shutting down
2022/07/05 22:22:19 [notice] 31#31: gracefully shutting down
2022/07/05 22:22:19 [notice] 32#32: exiting
2022/07/05 22:22:19 [notice] 31#31: exiting
2022/07/05 22:22:19 [notice] 32#32: exit
2022/07/05 22:22:19 [notice] 31#31: exit
2022/07/05 22:22:20 [notice] 1#1: signal 17 (SIGCHLD) received from 31
2022/07/05 22:22:20 [notice] 1#1: worker process 31 exited with code 0
2022/07/05 22:22:20 [notice] 1#1: signal 29 (SIGIO) received
2022/07/05 22:22:20 [notice] 1#1: signal 17 (SIGCHLD) received from 28
2022/07/05 22:22:20 [notice] 1#1: worker process 28 exited with code 0
2022/07/05 22:22:20 [notice] 1#1: signal 29 (SIGIO) received
2022/07/05 22:22:20 [notice] 1#1: signal 17 (SIGCHLD) received from 26
2022/07/05 22:22:20 [notice] 1#1: worker process 26 exited with code 0
2022/07/05 22:22:20 [notice] 1#1: signal 29 (SIGIO) received
2022/07/05 22:22:20 [notice] 1#1: signal 17 (SIGCHLD) received from 25
2022/07/05 22:22:20 [notice] 1#1: worker process 25 exited with code 0
2022/07/05 22:22:20 [notice] 1#1: worker process 27 exited with code 0
2022/07/05 22:22:20 [notice] 1#1: signal 29 (SIGIO) received
2022/07/05 22:22:20 [notice] 1#1: signal 17 (SIGCHLD) received from 27
2022/07/05 22:22:20 [notice] 1#1: signal 17 (SIGCHLD) received from 32
2022/07/05 22:22:20 [notice] 1#1: worker process 29 exited with code 0
2022/07/05 22:22:20 [notice] 1#1: worker process 32 exited with code 0
2022/07/05 22:22:20 [notice] 1#1: signal 29 (SIGIO) received
2022/07/05 22:22:20 [notice] 1#1: signal 17 (SIGCHLD) received from 29
2022/07/05 22:22:20 [notice] 1#1: signal 17 (SIGCHLD) received from 30
2022/07/05 22:22:20 [notice] 1#1: worker process 30 exited with code 0
2022/07/05 22:22:20 [notice] 1#1: exit
2022/07/05 22:22:21 [notice] 1#1: using the "epoll" event method
2022/07/05 22:22:21 [notice] 1#1: nginx/1.23.0
2022/07/05 22:22:21 [notice] 1#1: built by gcc 10.2.1 20210110 (Debian 10.2.1-6) 
2022/07/05 22:22:21 [notice] 1#1: OS: Linux 5.18.7-200.fc36.x86_64
2022/07/05 22:22:21 [notice] 1#1: getrlimit(RLIMIT_NOFILE): 524288:524288
2022/07/05 22:22:21 [notice] 1#1: start worker processes
2022/07/05 22:22:21 [notice] 1#1: start worker process 25
2022/07/05 22:22:21 [notice] 1#1: start worker process 26
2022/07/05 22:22:21 [notice] 1#1: start worker process 27
2022/07/05 22:22:21 [notice] 1#1: start worker process 28
2022/07/05 22:22:21 [notice] 1#1: start worker process 29
2022/07/05 22:22:21 [notice] 1#1: start worker process 30
2022/07/05 22:22:21 [notice] 1#1: start worker process 31
2022/07/05 22:22:21 [notice] 1#1: start worker process 32
2022/07/05 22:22:37 [notice] 1#1: signal 3 (SIGQUIT) received, shutting down
2022/07/05 22:22:37 [notice] 25#25: gracefully shutting down
2022/07/05 22:22:37 [notice] 26#26: gracefully shutting down
2022/07/05 22:22:37 [notice] 27#27: gracefully shutting down
2022/07/05 22:22:37 [notice] 28#28: gracefully shutting down
2022/07/05 22:22:37 [notice] 25#25: exiting
2022/07/05 22:22:37 [notice] 29#29: gracefully shutting down
2022/07/05 22:22:37 [notice] 31#31: gracefully shutting down
2022/07/05 22:22:37 [notice] 26#26: exiting
2022/07/05 22:22:37 [notice] 27#27: exiting
2022/07/05 22:22:37 [notice] 28#28: exiting
2022/07/05 22:22:37 [notice] 29#29: exiting
2022/07/05 22:22:37 [notice] 31#31: exiting
2022/07/05 22:22:37 [notice] 25#25: exit
2022/07/05 22:22:37 [notice] 26#26: exit
2022/07/05 22:22:37 [notice] 27#27: exit
2022/07/05 22:22:37 [notice] 28#28: exit
2022/07/05 22:22:37 [notice] 31#31: exit
2022/07/05 22:22:37 [notice] 29#29: exit
2022/07/05 22:22:37 [notice] 32#32: gracefully shutting down
2022/07/05 22:22:37 [notice] 30#30: gracefully shutting down
2022/07/05 22:22:37 [notice] 32#32: exiting
2022/07/05 22:22:37 [notice] 30#30: exiting
2022/07/05 22:22:37 [notice] 32#32: exit
2022/07/05 22:22:37 [notice] 30#30: exit
2022/07/05 22:22:37 [notice] 1#1: signal 17 (SIGCHLD) received from 26
2022/07/05 22:22:37 [notice] 1#1: worker process 26 exited with code 0
2022/07/05 22:22:37 [notice] 1#1: signal 29 (SIGIO) received
2022/07/05 22:22:37 [notice] 1#1: signal 17 (SIGCHLD) received from 28
2022/07/05 22:22:37 [notice] 1#1: worker process 28 exited with code 0
2022/07/05 22:22:37 [notice] 1#1: signal 29 (SIGIO) received
2022/07/05 22:22:37 [notice] 1#1: signal 17 (SIGCHLD) received from 25
2022/07/05 22:22:37 [notice] 1#1: worker process 25 exited with code 0
2022/07/05 22:22:37 [notice] 1#1: worker process 32 exited with code 0
2022/07/05 22:22:37 [notice] 1#1: signal 29 (SIGIO) received
2022/07/05 22:22:37 [notice] 1#1: signal 17 (SIGCHLD) received from 31
2022/07/05 22:22:37 [notice] 1#1: worker process 31 exited with code 0
2022/07/05 22:22:37 [notice] 1#1: signal 29 (SIGIO) received
2022/07/05 22:22:37 [notice] 1#1: signal 17 (SIGCHLD) received from 27
2022/07/05 22:22:37 [notice] 1#1: worker process 27 exited with code 0
2022/07/05 22:22:37 [notice] 1#1: worker process 30 exited with code 0
2022/07/05 22:22:37 [notice] 1#1: signal 29 (SIGIO) received
2022/07/05 22:22:37 [notice] 1#1: signal 17 (SIGCHLD) received from 29
2022/07/05 22:22:37 [notice] 1#1: worker process 29 exited with code 0
2022/07/05 22:22:37 [notice] 1#1: exit
2022/07/05 22:22:49 [notice] 1#1: using the "epoll" event method
2022/07/05 22:22:49 [notice] 1#1: nginx/1.23.0
2022/07/05 22:22:49 [notice] 1#1: built by gcc 10.2.1 20210110 (Debian 10.2.1-6) 
2022/07/05 22:22:49 [notice] 1#1: OS: Linux 5.18.7-200.fc36.x86_64
2022/07/05 22:22:49 [notice] 1#1: getrlimit(RLIMIT_NOFILE): 524288:524288
2022/07/05 22:22:49 [notice] 1#1: start worker processes
2022/07/05 22:22:49 [notice] 1#1: start worker process 25
2022/07/05 22:22:49 [notice] 1#1: start worker process 26
2022/07/05 22:22:49 [notice] 1#1: start worker process 27
2022/07/05 22:22:49 [notice] 1#1: start worker process 28
2022/07/05 22:22:49 [notice] 1#1: start worker process 29
2022/07/05 22:22:49 [notice] 1#1: start worker process 30
2022/07/05 22:22:49 [notice] 1#1: start worker process 31
2022/07/05 22:22:49 [notice] 1#1: start worker process 32
2022/07/05 22:23:31 [notice] 1#1: signal 3 (SIGQUIT) received, shutting down
2022/07/05 22:23:31 [notice] 25#25: gracefully shutting down
2022/07/05 22:23:31 [notice] 27#27: gracefully shutting down
2022/07/05 22:23:31 [notice] 26#26: gracefully shutting down
2022/07/05 22:23:31 [notice] 25#25: exiting
2022/07/05 22:23:31 [notice] 27#27: exiting
2022/07/05 22:23:31 [notice] 28#28: gracefully shutting down
2022/07/05 22:23:31 [notice] 29#29: gracefully shutting down
2022/07/05 22:23:31 [notice] 26#26: exiting
2022/07/05 22:23:31 [notice] 28#28: exiting
2022/07/05 22:23:31 [notice] 27#27: exit
2022/07/05 22:23:31 [notice] 25#25: exit
2022/07/05 22:23:31 [notice] 29#29: exiting
2022/07/05 22:23:31 [notice] 30#30: gracefully shutting down
2022/07/05 22:23:31 [notice] 30#30: exiting
2022/07/05 22:23:31 [notice] 28#28: exit
2022/07/05 22:23:31 [notice] 26#26: exit
2022/07/05 22:23:31 [notice] 29#29: exit
2022/07/05 22:23:31 [notice] 30#30: exit
2022/07/05 22:23:31 [notice] 31#31: gracefully shutting down
2022/07/05 22:23:31 [notice] 31#31: exiting
2022/07/05 22:23:31 [notice] 31#31: exit
2022/07/05 22:23:31 [notice] 32#32: gracefully shutting down
2022/07/05 22:23:31 [notice] 32#32: exiting
2022/07/05 22:23:31 [notice] 32#32: exit
2022/07/05 22:23:31 [notice] 1#1: signal 17 (SIGCHLD) received from 28
2022/07/05 22:23:31 [notice] 1#1: worker process 27 exited with code 0
2022/07/05 22:23:31 [notice] 1#1: worker process 28 exited with code 0
2022/07/05 22:23:31 [notice] 1#1: signal 29 (SIGIO) received
2022/07/05 22:23:31 [notice] 1#1: signal 17 (SIGCHLD) received from 32
2022/07/05 22:23:31 [notice] 1#1: worker process 26 exited with code 0
2022/07/05 22:23:31 [notice] 1#1: worker process 29 exited with code 0
2022/07/05 22:23:31 [notice] 1#1: worker process 30 exited with code 0
2022/07/05 22:23:31 [notice] 1#1: worker process 32 exited with code 0
2022/07/05 22:23:31 [notice] 1#1: signal 29 (SIGIO) received
2022/07/05 22:23:31 [notice] 1#1: signal 17 (SIGCHLD) received from 31
2022/07/05 22:23:31 [notice] 1#1: worker process 31 exited with code 0
2022/07/05 22:23:31 [notice] 1#1: signal 17 (SIGCHLD) received from 25
2022/07/05 22:23:31 [notice] 1#1: worker process 25 exited with code 0
2022/07/05 22:23:31 [notice] 1#1: exit
2022/07/05 22:23:32 [notice] 1#1: using the "epoll" event method
2022/07/05 22:23:32 [notice] 1#1: nginx/1.23.0
2022/07/05 22:23:32 [notice] 1#1: built by gcc 10.2.1 20210110 (Debian 10.2.1-6) 
2022/07/05 22:23:32 [notice] 1#1: OS: Linux 5.18.7-200.fc36.x86_64
2022/07/05 22:23:32 [notice] 1#1: getrlimit(RLIMIT_NOFILE): 524288:524288
2022/07/05 22:23:32 [notice] 1#1: start worker processes
2022/07/05 22:23:32 [notice] 1#1: start worker process 25
2022/07/05 22:23:32 [notice] 1#1: start worker process 26
2022/07/05 22:23:32 [notice] 1#1: start worker process 27
2022/07/05 22:23:32 [notice] 1#1: start worker process 28
2022/07/05 22:23:32 [notice] 1#1: start worker process 29
2022/07/05 22:23:32 [notice] 1#1: start worker process 30
2022/07/05 22:23:32 [notice] 1#1: start worker process 31
2022/07/05 22:23:32 [notice] 1#1: start worker process 32
2022/07/05 22:28:35 [error] 26#26: *1 connect() failed (113: No route to host) while connecting to upstream, client: 10.89.0.40, server: localhost, request: "GET / HTTP/1.1", upstream: "fastcgi://10.89.0.39:9000", host: "localhost:5000"
2022/07/05 22:28:38 [error] 26#26: *1 connect() failed (113: No route to host) while connecting to upstream, client: 10.89.0.40, server: localhost, request: "GET / HTTP/1.1", upstream: "fastcgi://10.89.0.39:9000", host: "localhost:5000"
2022/07/05 22:28:41 [error] 26#26: *1 connect() failed (113: No route to host) while connecting to upstream, client: 10.89.0.40, server: localhost, request: "GET / HTTP/1.1", upstream: "fastcgi://10.89.0.3:9000", host: "localhost:5000"
2022/07/05 22:28:45 [error] 26#26: *1 connect() failed (113: No route to host) while connecting to upstream, client: 10.89.0.40, server: localhost, request: "GET / HTTP/1.1", upstream: "fastcgi://10.89.0.3:9000", host: "localhost:5000"
2022/07/05 22:29:25 [notice] 1#1: signal 3 (SIGQUIT) received, shutting down
2022/07/05 22:29:25 [notice] 26#26: gracefully shutting down
2022/07/05 22:29:25 [notice] 25#25: gracefully shutting down
2022/07/05 22:29:25 [notice] 27#27: gracefully shutting down
2022/07/05 22:29:25 [notice] 28#28: gracefully shutting down
2022/07/05 22:29:25 [notice] 29#29: gracefully shutting down
2022/07/05 22:29:25 [notice] 25#25: exiting
2022/07/05 22:29:25 [notice] 27#27: exiting
2022/07/05 22:29:25 [notice] 26#26: exiting
2022/07/05 22:29:25 [notice] 28#28: exiting
2022/07/05 22:29:25 [notice] 29#29: exiting
2022/07/05 22:29:25 [notice] 26#26: exit
2022/07/05 22:29:25 [notice] 25#25: exit
2022/07/05 22:29:25 [notice] 27#27: exit
2022/07/05 22:29:25 [notice] 29#29: exit
2022/07/05 22:29:25 [notice] 28#28: exit
2022/07/05 22:29:25 [notice] 31#31: gracefully shutting down
2022/07/05 22:29:25 [notice] 31#31: exiting
2022/07/05 22:29:25 [notice] 31#31: exit
2022/07/05 22:29:25 [notice] 30#30: gracefully shutting down
2022/07/05 22:29:25 [notice] 32#32: gracefully shutting down
2022/07/05 22:29:25 [notice] 30#30: exiting
2022/07/05 22:29:25 [notice] 32#32: exiting
2022/07/05 22:29:25 [notice] 30#30: exit
2022/07/05 22:29:25 [notice] 32#32: exit
2022/07/05 22:29:25 [notice] 1#1: signal 17 (SIGCHLD) received from 31
2022/07/05 22:29:25 [notice] 1#1: worker process 31 exited with code 0
2022/07/05 22:29:25 [notice] 1#1: signal 29 (SIGIO) received
2022/07/05 22:29:25 [notice] 1#1: signal 17 (SIGCHLD) received from 25
2022/07/05 22:29:25 [notice] 1#1: worker process 25 exited with code 0
2022/07/05 22:29:25 [notice] 1#1: signal 29 (SIGIO) received
2022/07/05 22:29:25 [notice] 1#1: signal 17 (SIGCHLD) received from 27
2022/07/05 22:29:25 [notice] 1#1: worker process 27 exited with code 0
2022/07/05 22:29:25 [notice] 1#1: signal 29 (SIGIO) received
2022/07/05 22:29:25 [notice] 1#1: signal 17 (SIGCHLD) received from 30
2022/07/05 22:29:25 [notice] 1#1: worker process 26 exited with code 0
2022/07/05 22:29:25 [notice] 1#1: worker process 29 exited with code 0
2022/07/05 22:29:25 [notice] 1#1: worker process 30 exited with code 0
2022/07/05 22:29:25 [notice] 1#1: worker process 32 exited with code 0
2022/07/05 22:29:25 [notice] 1#1: signal 29 (SIGIO) received
2022/07/05 22:29:25 [notice] 1#1: signal 17 (SIGCHLD) received from 26
2022/07/05 22:29:25 [notice] 1#1: worker process 28 exited with code 0
2022/07/05 22:29:25 [notice] 1#1: exit
2022/07/05 22:29:26 [notice] 1#1: using the "epoll" event method
2022/07/05 22:29:26 [notice] 1#1: nginx/1.23.0
2022/07/05 22:29:26 [notice] 1#1: built by gcc 10.2.1 20210110 (Debian 10.2.1-6) 
2022/07/05 22:29:26 [notice] 1#1: OS: Linux 5.18.7-200.fc36.x86_64
2022/07/05 22:29:26 [notice] 1#1: getrlimit(RLIMIT_NOFILE): 524288:524288
2022/07/05 22:29:26 [notice] 1#1: start worker processes
2022/07/05 22:29:26 [notice] 1#1: start worker process 25
2022/07/05 22:29:26 [notice] 1#1: start worker process 26
2022/07/05 22:29:26 [notice] 1#1: start worker process 27
2022/07/05 22:29:26 [notice] 1#1: start worker process 28
2022/07/05 22:29:26 [notice] 1#1: start worker process 29
2022/07/05 22:29:26 [notice] 1#1: start worker process 30
2022/07/05 22:29:26 [notice] 1#1: start worker process 31
2022/07/05 22:29:26 [notice] 1#1: start worker process 32
2022/07/05 22:29:42 [error] 26#26: *1 connect() failed (113: No route to host) while connecting to upstream, client: 10.89.0.42, server: localhost, request: "GET / HTTP/1.1", upstream: "fastcgi://10.89.0.41:9000", host: "localhost:5000"
2022/07/05 22:29:45 [error] 26#26: *1 connect() failed (113: No route to host) while connecting to upstream, client: 10.89.0.42, server: localhost, request: "GET / HTTP/1.1", upstream: "fastcgi://10.89.0.41:9000", host: "localhost:5000"
2022/07/05 22:29:48 [error] 26#26: *1 connect() failed (113: No route to host) while connecting to upstream, client: 10.89.0.42, server: localhost, request: "GET / HTTP/1.1", upstream: "fastcgi://10.89.0.3:9000", host: "localhost:5000"
2022/07/05 22:29:51 [error] 26#26: *1 connect() failed (113: No route to host) while connecting to upstream, client: 10.89.0.42, server: localhost, request: "GET / HTTP/1.1", upstream: "fastcgi://10.89.0.3:9000", host: "localhost:5000"
2022/07/05 22:30:04 [notice] 1#1: signal 3 (SIGQUIT) received, shutting down
2022/07/05 22:30:04 [notice] 26#26: gracefully shutting down
2022/07/05 22:30:04 [notice] 25#25: gracefully shutting down
2022/07/05 22:30:04 [notice] 27#27: gracefully shutting down
2022/07/05 22:30:04 [notice] 28#28: gracefully shutting down
2022/07/05 22:30:04 [notice] 29#29: gracefully shutting down
2022/07/05 22:30:04 [notice] 25#25: exiting
2022/07/05 22:30:04 [notice] 26#26: exiting
2022/07/05 22:30:04 [notice] 27#27: exiting
2022/07/05 22:30:04 [notice] 30#30: gracefully shutting down
2022/07/05 22:30:04 [notice] 28#28: exiting
2022/07/05 22:30:04 [notice] 29#29: exiting
2022/07/05 22:30:04 [notice] 26#26: exit
2022/07/05 22:30:04 [notice] 30#30: exiting
2022/07/05 22:30:04 [notice] 25#25: exit
2022/07/05 22:30:04 [notice] 27#27: exit
2022/07/05 22:30:04 [notice] 28#28: exit
2022/07/05 22:30:04 [notice] 29#29: exit
2022/07/05 22:30:04 [notice] 30#30: exit
2022/07/05 22:30:04 [notice] 31#31: gracefully shutting down
2022/07/05 22:30:04 [notice] 32#32: gracefully shutting down
2022/07/05 22:30:04 [notice] 31#31: exiting
2022/07/05 22:30:04 [notice] 32#32: exiting
2022/07/05 22:30:04 [notice] 31#31: exit
2022/07/05 22:30:04 [notice] 32#32: exit
2022/07/05 22:30:04 [notice] 1#1: signal 17 (SIGCHLD) received from 28
2022/07/05 22:30:04 [notice] 1#1: worker process 28 exited with code 0
2022/07/05 22:30:04 [notice] 1#1: signal 29 (SIGIO) received
2022/07/05 22:30:04 [notice] 1#1: signal 17 (SIGCHLD) received from 31
2022/07/05 22:30:04 [notice] 1#1: worker process 25 exited with code 0
2022/07/05 22:30:04 [notice] 1#1: worker process 26 exited with code 0
2022/07/05 22:30:04 [notice] 1#1: worker process 31 exited with code 0
2022/07/05 22:30:04 [notice] 1#1: signal 29 (SIGIO) received
2022/07/05 22:30:04 [notice] 1#1: signal 17 (SIGCHLD) received from 26
2022/07/05 22:30:04 [notice] 1#1: signal 17 (SIGCHLD) received from 32
2022/07/05 22:30:04 [notice] 1#1: worker process 32 exited with code 0
2022/07/05 22:30:04 [notice] 1#1: signal 29 (SIGIO) received
2022/07/05 22:30:04 [notice] 1#1: signal 17 (SIGCHLD) received from 27
2022/07/05 22:30:04 [notice] 1#1: worker process 27 exited with code 0
2022/07/05 22:30:04 [notice] 1#1: worker process 29 exited with code 0
2022/07/05 22:30:04 [notice] 1#1: signal 17 (SIGCHLD) received from 30
2022/07/05 22:30:04 [notice] 1#1: worker process 30 exited with code 0
2022/07/05 22:30:04 [notice] 1#1: exit
2022/07/05 22:30:05 [notice] 1#1: using the "epoll" event method
2022/07/05 22:30:05 [notice] 1#1: nginx/1.23.0
2022/07/05 22:30:05 [notice] 1#1: built by gcc 10.2.1 20210110 (Debian 10.2.1-6) 
2022/07/05 22:30:05 [notice] 1#1: OS: Linux 5.18.7-200.fc36.x86_64
2022/07/05 22:30:05 [notice] 1#1: getrlimit(RLIMIT_NOFILE): 524288:524288
2022/07/05 22:30:05 [notice] 1#1: start worker processes
2022/07/05 22:30:05 [notice] 1#1: start worker process 25
2022/07/05 22:30:05 [notice] 1#1: start worker process 26
2022/07/05 22:30:05 [notice] 1#1: start worker process 27
2022/07/05 22:30:05 [notice] 1#1: start worker process 28
2022/07/05 22:30:05 [notice] 1#1: start worker process 29
2022/07/05 22:30:05 [notice] 1#1: start worker process 30
2022/07/05 22:30:05 [notice] 1#1: start worker process 31
2022/07/05 22:30:05 [notice] 1#1: start worker process 32
2022/07/05 22:31:08 [error] 25#25: *1 connect() failed (113: No route to host) while connecting to upstream, client: 10.89.0.45, server: localhost, request: "GET / HTTP/1.1", upstream: "fastcgi://10.89.0.44:9000", host: "localhost:5000"
2022/07/05 22:31:11 [error] 25#25: *1 connect() failed (113: No route to host) while connecting to upstream, client: 10.89.0.45, server: localhost, request: "GET / HTTP/1.1", upstream: "fastcgi://10.89.0.3:9000", host: "localhost:5000"
2022/07/05 22:31:14 [error] 25#25: *1 connect() failed (113: No route to host) while connecting to upstream, client: 10.89.0.45, server: localhost, request: "GET / HTTP/1.1", upstream: "fastcgi://10.89.0.3:9000", host: "localhost:5000"
2022/07/05 22:31:17 [error] 25#25: *1 connect() failed (113: No route to host) while connecting to upstream, client: 10.89.0.45, server: localhost, request: "GET / HTTP/1.1", upstream: "fastcgi://10.89.0.44:9000", host: "localhost:5000"
2022/07/05 22:31:28 [notice] 1#1: signal 3 (SIGQUIT) received, shutting down
2022/07/05 22:31:28 [notice] 25#25: gracefully shutting down
2022/07/05 22:31:28 [notice] 26#26: gracefully shutting down
2022/07/05 22:31:28 [notice] 27#27: gracefully shutting down
2022/07/05 22:31:28 [notice] 28#28: gracefully shutting down
2022/07/05 22:31:28 [notice] 29#29: gracefully shutting down
2022/07/05 22:31:28 [notice] 26#26: exiting
2022/07/05 22:31:28 [notice] 30#30: gracefully shutting down
2022/07/05 22:31:28 [notice] 27#27: exiting
2022/07/05 22:31:28 [notice] 25#25: exiting
2022/07/05 22:31:28 [notice] 28#28: exiting
2022/07/05 22:31:28 [notice] 29#29: exiting
2022/07/05 22:31:28 [notice] 30#30: exiting
2022/07/05 22:31:28 [notice] 31#31: gracefully shutting down
2022/07/05 22:31:28 [notice] 26#26: exit
2022/07/05 22:31:28 [notice] 27#27: exit
2022/07/05 22:31:28 [notice] 25#25: exit
2022/07/05 22:31:28 [notice] 28#28: exit
2022/07/05 22:31:28 [notice] 31#31: exiting
2022/07/05 22:31:28 [notice] 29#29: exit
2022/07/05 22:31:28 [notice] 30#30: exit
2022/07/05 22:31:28 [notice] 31#31: exit
2022/07/05 22:31:28 [notice] 32#32: gracefully shutting down
2022/07/05 22:31:28 [notice] 32#32: exiting
2022/07/05 22:31:28 [notice] 32#32: exit
2022/07/05 22:31:28 [notice] 1#1: signal 17 (SIGCHLD) received from 25
2022/07/05 22:31:28 [notice] 1#1: worker process 25 exited with code 0
2022/07/05 22:31:28 [notice] 1#1: signal 29 (SIGIO) received
2022/07/05 22:31:28 [notice] 1#1: signal 17 (SIGCHLD) received from 29
2022/07/05 22:31:28 [notice] 1#1: worker process 29 exited with code 0
2022/07/05 22:31:28 [notice] 1#1: signal 29 (SIGIO) received
2022/07/05 22:31:28 [notice] 1#1: signal 17 (SIGCHLD) received from 28
2022/07/05 22:31:28 [notice] 1#1: worker process 26 exited with code 0
2022/07/05 22:31:28 [notice] 1#1: worker process 27 exited with code 0
2022/07/05 22:31:28 [notice] 1#1: worker process 28 exited with code 0
2022/07/05 22:31:28 [notice] 1#1: signal 29 (SIGIO) received
2022/07/05 22:31:28 [notice] 1#1: signal 17 (SIGCHLD) received from 26
2022/07/05 22:31:28 [notice] 1#1: worker process 30 exited with code 0
2022/07/05 22:31:28 [notice] 1#1: signal 29 (SIGIO) received
2022/07/05 22:31:28 [notice] 1#1: signal 17 (SIGCHLD) received from 31
2022/07/05 22:31:28 [notice] 1#1: worker process 31 exited with code 0
2022/07/05 22:31:28 [notice] 1#1: signal 29 (SIGIO) received
2022/07/05 22:31:28 [notice] 1#1: signal 17 (SIGCHLD) received from 32
2022/07/05 22:31:28 [notice] 1#1: worker process 32 exited with code 0
2022/07/05 22:31:28 [notice] 1#1: exit
2022/07/05 22:31:29 [notice] 1#1: using the "epoll" event method
2022/07/05 22:31:29 [notice] 1#1: nginx/1.23.0
2022/07/05 22:31:29 [notice] 1#1: built by gcc 10.2.1 20210110 (Debian 10.2.1-6) 
2022/07/05 22:31:29 [notice] 1#1: OS: Linux 5.18.7-200.fc36.x86_64
2022/07/05 22:31:29 [notice] 1#1: getrlimit(RLIMIT_NOFILE): 524288:524288
2022/07/05 22:31:29 [notice] 1#1: start worker processes
2022/07/05 22:31:29 [notice] 1#1: start worker process 25
2022/07/05 22:31:29 [notice] 1#1: start worker process 26
2022/07/05 22:31:29 [notice] 1#1: start worker process 27
2022/07/05 22:31:29 [notice] 1#1: start worker process 28
2022/07/05 22:31:29 [notice] 1#1: start worker process 29
2022/07/05 22:31:29 [notice] 1#1: start worker process 30
2022/07/05 22:31:29 [notice] 1#1: start worker process 31
2022/07/05 22:31:29 [notice] 1#1: start worker process 32
2022/07/05 22:33:38 [notice] 1#1: signal 3 (SIGQUIT) received, shutting down
2022/07/05 22:33:38 [notice] 25#25: gracefully shutting down
2022/07/05 22:33:38 [notice] 26#26: gracefully shutting down
2022/07/05 22:33:38 [notice] 28#28: gracefully shutting down
2022/07/05 22:33:38 [notice] 26#26: exiting
2022/07/05 22:33:38 [notice] 25#25: exiting
2022/07/05 22:33:38 [notice] 27#27: gracefully shutting down
2022/07/05 22:33:38 [notice] 28#28: exiting
2022/07/05 22:33:38 [notice] 30#30: gracefully shutting down
2022/07/05 22:33:38 [notice] 26#26: exit
2022/07/05 22:33:38 [notice] 27#27: exiting
2022/07/05 22:33:38 [notice] 25#25: exit
2022/07/05 22:33:38 [notice] 28#28: exit
2022/07/05 22:33:38 [notice] 30#30: exiting
2022/07/05 22:33:38 [notice] 27#27: exit
2022/07/05 22:33:38 [notice] 30#30: exit
2022/07/05 22:33:38 [notice] 29#29: gracefully shutting down
2022/07/05 22:33:38 [notice] 29#29: exiting
2022/07/05 22:33:38 [notice] 29#29: exit
2022/07/05 22:33:38 [notice] 32#32: gracefully shutting down
2022/07/05 22:33:38 [notice] 32#32: exiting
2022/07/05 22:33:38 [notice] 31#31: gracefully shutting down
2022/07/05 22:33:38 [notice] 32#32: exit
2022/07/05 22:33:38 [notice] 31#31: exiting
2022/07/05 22:33:38 [notice] 31#31: exit
2022/07/05 22:33:38 [notice] 1#1: signal 17 (SIGCHLD) received from 27
2022/07/05 22:33:38 [notice] 1#1: worker process 27 exited with code 0
2022/07/05 22:33:38 [notice] 1#1: signal 29 (SIGIO) received
2022/07/05 22:33:38 [notice] 1#1: signal 17 (SIGCHLD) received from 30
2022/07/05 22:33:38 [notice] 1#1: worker process 30 exited with code 0
2022/07/05 22:33:38 [notice] 1#1: signal 29 (SIGIO) received
2022/07/05 22:33:38 [notice] 1#1: signal 17 (SIGCHLD) received from 28
2022/07/05 22:33:38 [notice] 1#1: worker process 25 exited with code 0
2022/07/05 22:33:38 [notice] 1#1: worker process 26 exited with code 0
2022/07/05 22:33:38 [notice] 1#1: worker process 28 exited with code 0
2022/07/05 22:33:38 [notice] 1#1: signal 29 (SIGIO) received
2022/07/05 22:33:38 [notice] 1#1: signal 17 (SIGCHLD) received from 25
2022/07/05 22:33:38 [notice] 1#1: signal 17 (SIGCHLD) received from 31
2022/07/05 22:33:38 [notice] 1#1: worker process 31 exited with code 0
2022/07/05 22:33:38 [notice] 1#1: worker process 32 exited with code 0
2022/07/05 22:33:38 [notice] 1#1: signal 29 (SIGIO) received
2022/07/05 22:33:38 [notice] 1#1: signal 17 (SIGCHLD) received from 29
2022/07/05 22:33:38 [notice] 1#1: worker process 29 exited with code 0
2022/07/05 22:33:38 [notice] 1#1: exit
2022/07/05 22:33:39 [notice] 1#1: using the "epoll" event method
2022/07/05 22:33:39 [notice] 1#1: nginx/1.23.0
2022/07/05 22:33:39 [notice] 1#1: built by gcc 10.2.1 20210110 (Debian 10.2.1-6) 
2022/07/05 22:33:39 [notice] 1#1: OS: Linux 5.18.7-200.fc36.x86_64
2022/07/05 22:33:39 [notice] 1#1: getrlimit(RLIMIT_NOFILE): 524288:524288
2022/07/05 22:33:39 [notice] 1#1: start worker processes
2022/07/05 22:33:39 [notice] 1#1: start worker process 25
2022/07/05 22:33:39 [notice] 1#1: start worker process 26
2022/07/05 22:33:39 [notice] 1#1: start worker process 27
2022/07/05 22:33:39 [notice] 1#1: start worker process 28
2022/07/05 22:33:39 [notice] 1#1: start worker process 29
2022/07/05 22:33:39 [notice] 1#1: start worker process 30
2022/07/05 22:33:39 [notice] 1#1: start worker process 31
2022/07/05 22:33:39 [notice] 1#1: start worker process 32
2022/07/05 22:34:01 [notice] 1#1: signal 3 (SIGQUIT) received, shutting down
2022/07/05 22:34:01 [notice] 25#25: gracefully shutting down
2022/07/05 22:34:01 [notice] 26#26: gracefully shutting down
2022/07/05 22:34:01 [notice] 27#27: gracefully shutting down
2022/07/05 22:34:01 [notice] 28#28: gracefully shutting down
2022/07/05 22:34:01 [notice] 25#25: exiting
2022/07/05 22:34:01 [notice] 26#26: exiting
2022/07/05 22:34:01 [notice] 29#29: gracefully shutting down
2022/07/05 22:34:01 [notice] 27#27: exiting
2022/07/05 22:34:01 [notice] 30#30: gracefully shutting down
2022/07/05 22:34:01 [notice] 28#28: exiting
2022/07/05 22:34:01 [notice] 29#29: exiting
2022/07/05 22:34:01 [notice] 30#30: exiting
2022/07/05 22:34:01 [notice] 26#26: exit
2022/07/05 22:34:01 [notice] 25#25: exit
2022/07/05 22:34:01 [notice] 27#27: exit
2022/07/05 22:34:01 [notice] 31#31: gracefully shutting down
2022/07/05 22:34:01 [notice] 29#29: exit
2022/07/05 22:34:01 [notice] 28#28: exit
2022/07/05 22:34:01 [notice] 30#30: exit
2022/07/05 22:34:01 [notice] 31#31: exiting
2022/07/05 22:34:01 [notice] 31#31: exit
2022/07/05 22:34:01 [notice] 32#32: gracefully shutting down
2022/07/05 22:34:01 [notice] 32#32: exiting
2022/07/05 22:34:01 [notice] 32#32: exit
2022/07/05 22:34:01 [notice] 1#1: signal 17 (SIGCHLD) received from 28
2022/07/05 22:34:01 [notice] 1#1: worker process 28 exited with code 0
2022/07/05 22:34:01 [notice] 1#1: signal 29 (SIGIO) received
2022/07/05 22:34:01 [notice] 1#1: signal 17 (SIGCHLD) received from 32
2022/07/05 22:34:01 [notice] 1#1: worker process 25 exited with code 0
2022/07/05 22:34:01 [notice] 1#1: worker process 26 exited with code 0
2022/07/05 22:34:01 [notice] 1#1: worker process 32 exited with code 0
2022/07/05 22:34:01 [notice] 1#1: signal 29 (SIGIO) received
2022/07/05 22:34:01 [notice] 1#1: signal 17 (SIGCHLD) received from 25
2022/07/05 22:34:01 [notice] 1#1: worker process 30 exited with code 0
2022/07/05 22:34:01 [notice] 1#1: signal 29 (SIGIO) received
2022/07/05 22:34:01 [notice] 1#1: signal 17 (SIGCHLD) received from 30
2022/07/05 22:34:01 [notice] 1#1: signal 17 (SIGCHLD) received from 31
2022/07/05 22:34:01 [notice] 1#1: worker process 27 exited with code 0
2022/07/05 22:34:01 [notice] 1#1: worker process 31 exited with code 0
2022/07/05 22:34:01 [notice] 1#1: signal 29 (SIGIO) received
2022/07/05 22:34:01 [notice] 1#1: signal 17 (SIGCHLD) received from 27
2022/07/05 22:34:01 [notice] 1#1: signal 17 (SIGCHLD) received from 29
2022/07/05 22:34:01 [notice] 1#1: worker process 29 exited with code 0
2022/07/05 22:34:01 [notice] 1#1: exit
2022/07/05 22:34:02 [notice] 1#1: using the "epoll" event method
2022/07/05 22:34:02 [notice] 1#1: nginx/1.23.0
2022/07/05 22:34:02 [notice] 1#1: built by gcc 10.2.1 20210110 (Debian 10.2.1-6) 
2022/07/05 22:34:02 [notice] 1#1: OS: Linux 5.18.7-200.fc36.x86_64
2022/07/05 22:34:02 [notice] 1#1: getrlimit(RLIMIT_NOFILE): 524288:524288
2022/07/05 22:34:02 [notice] 1#1: start worker processes
2022/07/05 22:34:02 [notice] 1#1: start worker process 25
2022/07/05 22:34:02 [notice] 1#1: start worker process 26
2022/07/05 22:34:02 [notice] 1#1: start worker process 27
2022/07/05 22:34:02 [notice] 1#1: start worker process 28
2022/07/05 22:34:02 [notice] 1#1: start worker process 29
2022/07/05 22:34:02 [notice] 1#1: start worker process 30
2022/07/05 22:34:02 [notice] 1#1: start worker process 31
2022/07/05 22:34:02 [notice] 1#1: start worker process 32
2022/07/05 22:34:21 [notice] 1#1: signal 3 (SIGQUIT) received, shutting down
2022/07/05 22:34:21 [notice] 26#26: gracefully shutting down
2022/07/05 22:34:21 [notice] 25#25: gracefully shutting down
2022/07/05 22:34:21 [notice] 27#27: gracefully shutting down
2022/07/05 22:34:21 [notice] 26#26: exiting
2022/07/05 22:34:21 [notice] 29#29: gracefully shutting down
2022/07/05 22:34:21 [notice] 30#30: gracefully shutting down
2022/07/05 22:34:21 [notice] 31#31: gracefully shutting down
2022/07/05 22:34:21 [notice] 25#25: exiting
2022/07/05 22:34:21 [notice] 27#27: exiting
2022/07/05 22:34:21 [notice] 29#29: exiting
2022/07/05 22:34:21 [notice] 30#30: exiting
2022/07/05 22:34:21 [notice] 26#26: exit
2022/07/05 22:34:21 [notice] 31#31: exiting
2022/07/05 22:34:21 [notice] 29#29: exit
2022/07/05 22:34:21 [notice] 25#25: exit
2022/07/05 22:34:21 [notice] 27#27: exit
2022/07/05 22:34:21 [notice] 30#30: exit
2022/07/05 22:34:21 [notice] 32#32: gracefully shutting down
2022/07/05 22:34:21 [notice] 31#31: exit
2022/07/05 22:34:21 [notice] 32#32: exiting
2022/07/05 22:34:21 [notice] 32#32: exit
2022/07/05 22:34:21 [notice] 28#28: gracefully shutting down
2022/07/05 22:34:21 [notice] 28#28: exiting
2022/07/05 22:34:21 [notice] 28#28: exit
2022/07/05 22:34:21 [notice] 1#1: signal 17 (SIGCHLD) received from 25
2022/07/05 22:34:21 [notice] 1#1: worker process 25 exited with code 0
2022/07/05 22:34:21 [notice] 1#1: worker process 27 exited with code 0
2022/07/05 22:34:21 [notice] 1#1: worker process 31 exited with code 0
2022/07/05 22:34:21 [notice] 1#1: signal 29 (SIGIO) received
2022/07/05 22:34:21 [notice] 1#1: signal 17 (SIGCHLD) received from 27
2022/07/05 22:34:21 [notice] 1#1: signal 17 (SIGCHLD) received from 28
2022/07/05 22:34:21 [notice] 1#1: worker process 28 exited with code 0
2022/07/05 22:34:21 [notice] 1#1: signal 29 (SIGIO) received
2022/07/05 22:34:21 [notice] 1#1: signal 17 (SIGCHLD) received from 32
2022/07/05 22:34:21 [notice] 1#1: worker process 32 exited with code 0
2022/07/05 22:34:21 [notice] 1#1: signal 29 (SIGIO) received
2022/07/05 22:34:21 [notice] 1#1: signal 17 (SIGCHLD) received from 29
2022/07/05 22:34:21 [notice] 1#1: worker process 26 exited with code 0
2022/07/05 22:34:21 [notice] 1#1: worker process 29 exited with code 0
2022/07/05 22:34:21 [notice] 1#1: signal 29 (SIGIO) received
2022/07/05 22:34:21 [notice] 1#1: signal 17 (SIGCHLD) received from 30
2022/07/05 22:34:21 [notice] 1#1: worker process 30 exited with code 0
2022/07/05 22:34:21 [notice] 1#1: exit
2022/07/05 22:34:22 [notice] 1#1: using the "epoll" event method
2022/07/05 22:34:22 [notice] 1#1: nginx/1.23.0
2022/07/05 22:34:22 [notice] 1#1: built by gcc 10.2.1 20210110 (Debian 10.2.1-6) 
2022/07/05 22:34:22 [notice] 1#1: OS: Linux 5.18.7-200.fc36.x86_64
2022/07/05 22:34:22 [notice] 1#1: getrlimit(RLIMIT_NOFILE): 524288:524288
2022/07/05 22:34:22 [notice] 1#1: start worker processes
2022/07/05 22:34:22 [notice] 1#1: start worker process 25
2022/07/05 22:34:22 [notice] 1#1: start worker process 26
2022/07/05 22:34:22 [notice] 1#1: start worker process 27
2022/07/05 22:34:22 [notice] 1#1: start worker process 28
2022/07/05 22:34:22 [notice] 1#1: start worker process 29
2022/07/05 22:34:22 [notice] 1#1: start worker process 30
2022/07/05 22:34:22 [notice] 1#1: start worker process 31
2022/07/05 22:34:22 [notice] 1#1: start worker process 32
2022/07/05 22:34:33 [notice] 1#1: signal 3 (SIGQUIT) received, shutting down
2022/07/05 22:34:33 [notice] 26#26: gracefully shutting down
2022/07/05 22:34:33 [notice] 25#25: gracefully shutting down
2022/07/05 22:34:33 [notice] 27#27: gracefully shutting down
2022/07/05 22:34:33 [notice] 26#26: exiting
2022/07/05 22:34:33 [notice] 28#28: gracefully shutting down
2022/07/05 22:34:33 [notice] 29#29: gracefully shutting down
2022/07/05 22:34:33 [notice] 25#25: exiting
2022/07/05 22:34:33 [notice] 27#27: exiting
2022/07/05 22:34:33 [notice] 30#30: gracefully shutting down
2022/07/05 22:34:33 [notice] 28#28: exiting
2022/07/05 22:34:33 [notice] 29#29: exiting
2022/07/05 22:34:33 [notice] 26#26: exit
2022/07/05 22:34:33 [notice] 30#30: exiting
2022/07/05 22:34:33 [notice] 25#25: exit
2022/07/05 22:34:33 [notice] 27#27: exit
2022/07/05 22:34:33 [notice] 28#28: exit
2022/07/05 22:34:33 [notice] 30#30: exit
2022/07/05 22:34:33 [notice] 29#29: exit
2022/07/05 22:34:33 [notice] 31#31: gracefully shutting down
2022/07/05 22:34:33 [notice] 31#31: exiting
2022/07/05 22:34:33 [notice] 31#31: exit
2022/07/05 22:34:33 [notice] 32#32: gracefully shutting down
2022/07/05 22:34:33 [notice] 32#32: exiting
2022/07/05 22:34:33 [notice] 32#32: exit
2022/07/05 22:34:33 [notice] 1#1: signal 17 (SIGCHLD) received from 25
2022/07/05 22:34:33 [notice] 1#1: worker process 25 exited with code 0
2022/07/05 22:34:33 [notice] 1#1: signal 29 (SIGIO) received
2022/07/05 22:34:33 [notice] 1#1: signal 17 (SIGCHLD) received from 26
2022/07/05 22:34:33 [notice] 1#1: worker process 26 exited with code 0
2022/07/05 22:34:33 [notice] 1#1: signal 29 (SIGIO) received
2022/07/05 22:34:33 [notice] 1#1: signal 17 (SIGCHLD) received from 30
2022/07/05 22:34:33 [notice] 1#1: worker process 30 exited with code 0
2022/07/05 22:34:33 [notice] 1#1: worker process 32 exited with code 0
2022/07/05 22:34:33 [notice] 1#1: signal 29 (SIGIO) received
2022/07/05 22:34:33 [notice] 1#1: signal 17 (SIGCHLD) received from 32
2022/07/05 22:34:33 [notice] 1#1: worker process 31 exited with code 0
2022/07/05 22:34:33 [notice] 1#1: signal 29 (SIGIO) received
2022/07/05 22:34:33 [notice] 1#1: signal 17 (SIGCHLD) received from 27
2022/07/05 22:34:33 [notice] 1#1: worker process 27 exited with code 0
2022/07/05 22:34:33 [notice] 1#1: signal 29 (SIGIO) received
2022/07/05 22:34:33 [notice] 1#1: signal 17 (SIGCHLD) received from 28
2022/07/05 22:34:33 [notice] 1#1: worker process 28 exited with code 0
2022/07/05 22:34:33 [notice] 1#1: signal 29 (SIGIO) received
2022/07/05 22:34:33 [notice] 1#1: signal 17 (SIGCHLD) received from 29
2022/07/05 22:34:33 [notice] 1#1: worker process 29 exited with code 0
2022/07/05 22:34:33 [notice] 1#1: exit
2022/07/05 22:34:34 [notice] 1#1: using the "epoll" event method
2022/07/05 22:34:34 [notice] 1#1: nginx/1.23.0
2022/07/05 22:34:34 [notice] 1#1: built by gcc 10.2.1 20210110 (Debian 10.2.1-6) 
2022/07/05 22:34:34 [notice] 1#1: OS: Linux 5.18.7-200.fc36.x86_64
2022/07/05 22:34:34 [notice] 1#1: getrlimit(RLIMIT_NOFILE): 524288:524288
2022/07/05 22:34:34 [notice] 1#1: start worker processes
2022/07/05 22:34:34 [notice] 1#1: start worker process 25
2022/07/05 22:34:34 [notice] 1#1: start worker process 26
2022/07/05 22:34:34 [notice] 1#1: start worker process 27
2022/07/05 22:34:34 [notice] 1#1: start worker process 28
2022/07/05 22:34:34 [notice] 1#1: start worker process 29
2022/07/05 22:34:34 [notice] 1#1: start worker process 30
2022/07/05 22:34:34 [notice] 1#1: start worker process 31
2022/07/05 22:34:34 [notice] 1#1: start worker process 32
2022/07/05 22:34:46 [notice] 1#1: signal 3 (SIGQUIT) received, shutting down
2022/07/05 22:34:46 [notice] 25#25: gracefully shutting down
2022/07/05 22:34:46 [notice] 26#26: gracefully shutting down
2022/07/05 22:34:46 [notice] 28#28: gracefully shutting down
2022/07/05 22:34:46 [notice] 27#27: gracefully shutting down
2022/07/05 22:34:46 [notice] 31#31: gracefully shutting down
2022/07/05 22:34:46 [notice] 32#32: gracefully shutting down
2022/07/05 22:34:46 [notice] 25#25: exiting
2022/07/05 22:34:46 [notice] 26#26: exiting
2022/07/05 22:34:46 [notice] 28#28: exiting
2022/07/05 22:34:46 [notice] 27#27: exiting
2022/07/05 22:34:46 [notice] 31#31: exiting
2022/07/05 22:34:46 [notice] 32#32: exiting
2022/07/05 22:34:46 [notice] 28#28: exit
2022/07/05 22:34:46 [notice] 26#26: exit
2022/07/05 22:34:46 [notice] 25#25: exit
2022/07/05 22:34:46 [notice] 27#27: exit
2022/07/05 22:34:46 [notice] 31#31: exit
2022/07/05 22:34:46 [notice] 32#32: exit
2022/07/05 22:34:46 [notice] 29#29: gracefully shutting down
2022/07/05 22:34:46 [notice] 29#29: exiting
2022/07/05 22:34:46 [notice] 30#30: gracefully shutting down
2022/07/05 22:34:46 [notice] 29#29: exit
2022/07/05 22:34:46 [notice] 30#30: exiting
2022/07/05 22:34:46 [notice] 30#30: exit
2022/07/05 22:34:46 [notice] 1#1: signal 17 (SIGCHLD) received from 29
2022/07/05 22:34:46 [notice] 1#1: worker process 25 exited with code 0
2022/07/05 22:34:46 [notice] 1#1: worker process 28 exited with code 0
2022/07/05 22:34:46 [notice] 1#1: worker process 29 exited with code 0
2022/07/05 22:34:46 [notice] 1#1: worker process 30 exited with code 0
2022/07/05 22:34:46 [notice] 1#1: signal 29 (SIGIO) received
2022/07/05 22:34:46 [notice] 1#1: signal 17 (SIGCHLD) received from 28
2022/07/05 22:34:46 [notice] 1#1: signal 17 (SIGCHLD) received from 27
2022/07/05 22:34:46 [notice] 1#1: worker process 27 exited with code 0
2022/07/05 22:34:46 [notice] 1#1: signal 29 (SIGIO) received
2022/07/05 22:34:46 [notice] 1#1: signal 17 (SIGCHLD) received from 32
2022/07/05 22:34:46 [notice] 1#1: worker process 31 exited with code 0
2022/07/05 22:34:46 [notice] 1#1: worker process 32 exited with code 0
2022/07/05 22:34:46 [notice] 1#1: signal 29 (SIGIO) received
2022/07/05 22:34:46 [notice] 1#1: signal 17 (SIGCHLD) received from 26
2022/07/05 22:34:46 [notice] 1#1: worker process 26 exited with code 0
2022/07/05 22:34:46 [notice] 1#1: exit
2022/07/05 22:34:47 [notice] 1#1: using the "epoll" event method
2022/07/05 22:34:47 [notice] 1#1: nginx/1.23.0
2022/07/05 22:34:47 [notice] 1#1: built by gcc 10.2.1 20210110 (Debian 10.2.1-6) 
2022/07/05 22:34:47 [notice] 1#1: OS: Linux 5.18.7-200.fc36.x86_64
2022/07/05 22:34:47 [notice] 1#1: getrlimit(RLIMIT_NOFILE): 524288:524288
2022/07/05 22:34:47 [notice] 1#1: start worker processes
2022/07/05 22:34:47 [notice] 1#1: start worker process 25
2022/07/05 22:34:47 [notice] 1#1: start worker process 26
2022/07/05 22:34:47 [notice] 1#1: start worker process 27
2022/07/05 22:34:47 [notice] 1#1: start worker process 28
2022/07/05 22:34:47 [notice] 1#1: start worker process 29
2022/07/05 22:34:47 [notice] 1#1: start worker process 30
2022/07/05 22:34:47 [notice] 1#1: start worker process 31
2022/07/05 22:34:47 [notice] 1#1: start worker process 32
2022/07/05 22:38:26 [notice] 1#1: signal 3 (SIGQUIT) received, shutting down
2022/07/05 22:38:26 [notice] 26#26: gracefully shutting down
2022/07/05 22:38:26 [notice] 25#25: gracefully shutting down
2022/07/05 22:38:26 [notice] 26#26: exiting
2022/07/05 22:38:26 [notice] 25#25: exiting
2022/07/05 22:38:26 [notice] 27#27: gracefully shutting down
2022/07/05 22:38:26 [notice] 28#28: gracefully shutting down
2022/07/05 22:38:26 [notice] 30#30: gracefully shutting down
2022/07/05 22:38:26 [notice] 31#31: gracefully shutting down
2022/07/05 22:38:26 [notice] 27#27: exiting
2022/07/05 22:38:26 [notice] 26#26: exit
2022/07/05 22:38:26 [notice] 25#25: exit
2022/07/05 22:38:26 [notice] 28#28: exiting
2022/07/05 22:38:26 [notice] 30#30: exiting
2022/07/05 22:38:26 [notice] 32#32: gracefully shutting down
2022/07/05 22:38:26 [notice] 31#31: exiting
2022/07/05 22:38:26 [notice] 27#27: exit
2022/07/05 22:38:26 [notice] 32#32: exiting
2022/07/05 22:38:26 [notice] 30#30: exit
2022/07/05 22:38:26 [notice] 28#28: exit
2022/07/05 22:38:26 [notice] 31#31: exit
2022/07/05 22:38:26 [notice] 32#32: exit
2022/07/05 22:38:26 [notice] 29#29: gracefully shutting down
2022/07/05 22:38:26 [notice] 29#29: exiting
2022/07/05 22:38:26 [notice] 29#29: exit
2022/07/05 22:38:26 [notice] 1#1: signal 17 (SIGCHLD) received from 28
2022/07/05 22:38:26 [notice] 1#1: worker process 28 exited with code 0
2022/07/05 22:38:26 [notice] 1#1: signal 29 (SIGIO) received
2022/07/05 22:38:26 [notice] 1#1: signal 17 (SIGCHLD) received from 31
2022/07/05 22:38:26 [notice] 1#1: worker process 31 exited with code 0
2022/07/05 22:38:26 [notice] 1#1: signal 29 (SIGIO) received
2022/07/05 22:38:26 [notice] 1#1: signal 17 (SIGCHLD) received from 27
2022/07/05 22:38:26 [notice] 1#1: worker process 27 exited with code 0
2022/07/05 22:38:26 [notice] 1#1: signal 29 (SIGIO) received
2022/07/05 22:38:26 [notice] 1#1: signal 17 (SIGCHLD) received from 29
2022/07/05 22:38:26 [notice] 1#1: worker process 29 exited with code 0
2022/07/05 22:38:26 [notice] 1#1: worker process 30 exited with code 0
2022/07/05 22:38:26 [notice] 1#1: signal 29 (SIGIO) received
2022/07/05 22:38:26 [notice] 1#1: signal 17 (SIGCHLD) received from 30
2022/07/05 22:38:26 [notice] 1#1: signal 17 (SIGCHLD) received from 25
2022/07/05 22:38:26 [notice] 1#1: worker process 25 exited with code 0
2022/07/05 22:38:26 [notice] 1#1: signal 29 (SIGIO) received
2022/07/05 22:38:26 [notice] 1#1: signal 17 (SIGCHLD) received from 26
2022/07/05 22:38:26 [notice] 1#1: worker process 26 exited with code 0
2022/07/05 22:38:26 [notice] 1#1: signal 29 (SIGIO) received
2022/07/05 22:38:26 [notice] 1#1: signal 17 (SIGCHLD) received from 32
2022/07/05 22:38:26 [notice] 1#1: worker process 32 exited with code 0
2022/07/05 22:38:26 [notice] 1#1: exit
2022/07/05 22:38:27 [notice] 1#1: using the "epoll" event method
2022/07/05 22:38:27 [notice] 1#1: nginx/1.23.0
2022/07/05 22:38:27 [notice] 1#1: built by gcc 10.2.1 20210110 (Debian 10.2.1-6) 
2022/07/05 22:38:27 [notice] 1#1: OS: Linux 5.18.7-200.fc36.x86_64
2022/07/05 22:38:27 [notice] 1#1: getrlimit(RLIMIT_NOFILE): 524288:524288
2022/07/05 22:38:27 [notice] 1#1: start worker processes
2022/07/05 22:38:27 [notice] 1#1: start worker process 25
2022/07/05 22:38:27 [notice] 1#1: start worker process 26
2022/07/05 22:38:27 [notice] 1#1: start worker process 27
2022/07/05 22:38:27 [notice] 1#1: start worker process 28
2022/07/05 22:38:27 [notice] 1#1: start worker process 29
2022/07/05 22:38:27 [notice] 1#1: start worker process 30
2022/07/05 22:38:27 [notice] 1#1: start worker process 31
2022/07/05 22:38:27 [notice] 1#1: start worker process 32
2022/07/05 22:39:22 [notice] 1#1: signal 3 (SIGQUIT) received, shutting down
2022/07/05 22:39:22 [notice] 25#25: gracefully shutting down
2022/07/05 22:39:22 [notice] 26#26: gracefully shutting down
2022/07/05 22:39:22 [notice] 25#25: exiting
2022/07/05 22:39:22 [notice] 29#29: gracefully shutting down
2022/07/05 22:39:22 [notice] 28#28: gracefully shutting down
2022/07/05 22:39:22 [notice] 32#32: gracefully shutting down
2022/07/05 22:39:22 [notice] 27#27: gracefully shutting down
2022/07/05 22:39:22 [notice] 26#26: exiting
2022/07/05 22:39:22 [notice] 29#29: exiting
2022/07/05 22:39:22 [notice] 25#25: exit
2022/07/05 22:39:22 [notice] 28#28: exiting
2022/07/05 22:39:22 [notice] 32#32: exiting
2022/07/05 22:39:22 [notice] 27#27: exiting
2022/07/05 22:39:22 [notice] 31#31: gracefully shutting down
2022/07/05 22:39:22 [notice] 26#26: exit
2022/07/05 22:39:22 [notice] 32#32: exit
2022/07/05 22:39:22 [notice] 29#29: exit
2022/07/05 22:39:22 [notice] 28#28: exit
2022/07/05 22:39:22 [notice] 27#27: exit
2022/07/05 22:39:22 [notice] 30#30: gracefully shutting down
2022/07/05 22:39:22 [notice] 31#31: exiting
2022/07/05 22:39:22 [notice] 30#30: exiting
2022/07/05 22:39:22 [notice] 31#31: exit
2022/07/05 22:39:22 [notice] 30#30: exit
2022/07/05 22:39:22 [notice] 1#1: signal 17 (SIGCHLD) received from 28
2022/07/05 22:39:22 [notice] 1#1: worker process 28 exited with code 0
2022/07/05 22:39:22 [notice] 1#1: signal 29 (SIGIO) received
2022/07/05 22:39:22 [notice] 1#1: signal 17 (SIGCHLD) received from 26
2022/07/05 22:39:22 [notice] 1#1: worker process 26 exited with code 0
2022/07/05 22:39:22 [notice] 1#1: signal 29 (SIGIO) received
2022/07/05 22:39:22 [notice] 1#1: signal 17 (SIGCHLD) received from 29
2022/07/05 22:39:22 [notice] 1#1: worker process 29 exited with code 0
2022/07/05 22:39:22 [notice] 1#1: worker process 32 exited with code 0
2022/07/05 22:39:22 [notice] 1#1: signal 29 (SIGIO) received
2022/07/05 22:39:22 [notice] 1#1: signal 17 (SIGCHLD) received from 32
2022/07/05 22:39:22 [notice] 1#1: signal 17 (SIGCHLD) received from 27
2022/07/05 22:39:22 [notice] 1#1: worker process 27 exited with code 0
2022/07/05 22:39:22 [notice] 1#1: signal 29 (SIGIO) received
2022/07/05 22:39:22 [notice] 1#1: signal 17 (SIGCHLD) received from 25
2022/07/05 22:39:22 [notice] 1#1: worker process 25 exited with code 0
2022/07/05 22:39:22 [notice] 1#1: signal 29 (SIGIO) received
2022/07/05 22:39:22 [notice] 1#1: signal 17 (SIGCHLD) received from 30
2022/07/05 22:39:22 [notice] 1#1: worker process 30 exited with code 0
2022/07/05 22:39:22 [notice] 1#1: signal 29 (SIGIO) received
2022/07/05 22:39:22 [notice] 1#1: signal 17 (SIGCHLD) received from 31
2022/07/05 22:39:22 [notice] 1#1: worker process 31 exited with code 0
2022/07/05 22:39:22 [notice] 1#1: exit
2022/07/05 22:39:23 [notice] 1#1: using the "epoll" event method
2022/07/05 22:39:23 [notice] 1#1: nginx/1.23.0
2022/07/05 22:39:23 [notice] 1#1: built by gcc 10.2.1 20210110 (Debian 10.2.1-6) 
2022/07/05 22:39:23 [notice] 1#1: OS: Linux 5.18.7-200.fc36.x86_64
2022/07/05 22:39:23 [notice] 1#1: getrlimit(RLIMIT_NOFILE): 524288:524288
2022/07/05 22:39:23 [notice] 1#1: start worker processes
2022/07/05 22:39:23 [notice] 1#1: start worker process 25
2022/07/05 22:39:23 [notice] 1#1: start worker process 26
2022/07/05 22:39:23 [notice] 1#1: start worker process 27
2022/07/05 22:39:23 [notice] 1#1: start worker process 28
2022/07/05 22:39:23 [notice] 1#1: start worker process 29
2022/07/05 22:39:23 [notice] 1#1: start worker process 30
2022/07/05 22:39:23 [notice] 1#1: start worker process 31
2022/07/05 22:39:23 [notice] 1#1: start worker process 32
2022/07/05 22:41:16 [notice] 1#1: signal 3 (SIGQUIT) received, shutting down
2022/07/05 22:41:16 [notice] 25#25: gracefully shutting down
2022/07/05 22:41:16 [notice] 28#28: gracefully shutting down
2022/07/05 22:41:16 [notice] 27#27: gracefully shutting down
2022/07/05 22:41:16 [notice] 26#26: gracefully shutting down
2022/07/05 22:41:16 [notice] 29#29: gracefully shutting down
2022/07/05 22:41:16 [notice] 30#30: gracefully shutting down
2022/07/05 22:41:16 [notice] 25#25: exiting
2022/07/05 22:41:16 [notice] 32#32: gracefully shutting down
2022/07/05 22:41:16 [notice] 28#28: exiting
2022/07/05 22:41:16 [notice] 27#27: exiting
2022/07/05 22:41:16 [notice] 26#26: exiting
2022/07/05 22:41:16 [notice] 29#29: exiting
2022/07/05 22:41:16 [notice] 30#30: exiting
2022/07/05 22:41:16 [notice] 25#25: exit
2022/07/05 22:41:16 [notice] 32#32: exiting
2022/07/05 22:41:16 [notice] 28#28: exit
2022/07/05 22:41:16 [notice] 27#27: exit
2022/07/05 22:41:16 [notice] 26#26: exit
2022/07/05 22:41:16 [notice] 29#29: exit
2022/07/05 22:41:16 [notice] 30#30: exit
2022/07/05 22:41:16 [notice] 32#32: exit
2022/07/05 22:41:16 [notice] 31#31: gracefully shutting down
2022/07/05 22:41:16 [notice] 31#31: exiting
2022/07/05 22:41:16 [notice] 31#31: exit
2022/07/05 22:41:16 [notice] 1#1: signal 17 (SIGCHLD) received from 29
2022/07/05 22:41:16 [notice] 1#1: worker process 29 exited with code 0
2022/07/05 22:41:16 [notice] 1#1: signal 29 (SIGIO) received
2022/07/05 22:41:16 [notice] 1#1: signal 17 (SIGCHLD) received from 25
2022/07/05 22:41:16 [notice] 1#1: worker process 25 exited with code 0
2022/07/05 22:41:16 [notice] 1#1: signal 29 (SIGIO) received
2022/07/05 22:41:16 [notice] 1#1: signal 17 (SIGCHLD) received from 32
2022/07/05 22:41:16 [notice] 1#1: worker process 30 exited with code 0
2022/07/05 22:41:16 [notice] 1#1: worker process 32 exited with code 0
2022/07/05 22:41:16 [notice] 1#1: signal 29 (SIGIO) received
2022/07/05 22:41:16 [notice] 1#1: signal 17 (SIGCHLD) received from 30
2022/07/05 22:41:16 [notice] 1#1: worker process 27 exited with code 0
2022/07/05 22:41:16 [notice] 1#1: worker process 28 exited with code 0
2022/07/05 22:41:16 [notice] 1#1: signal 29 (SIGIO) received
2022/07/05 22:41:16 [notice] 1#1: signal 17 (SIGCHLD) received from 31
2022/07/05 22:41:16 [notice] 1#1: worker process 31 exited with code 0
2022/07/05 22:41:16 [notice] 1#1: signal 29 (SIGIO) received
2022/07/05 22:41:16 [notice] 1#1: signal 17 (SIGCHLD) received from 26
2022/07/05 22:41:16 [notice] 1#1: worker process 26 exited with code 0
2022/07/05 22:41:16 [notice] 1#1: exit
2022/07/05 22:41:17 [notice] 1#1: using the "epoll" event method
2022/07/05 22:41:17 [notice] 1#1: nginx/1.23.0
2022/07/05 22:41:17 [notice] 1#1: built by gcc 10.2.1 20210110 (Debian 10.2.1-6) 
2022/07/05 22:41:17 [notice] 1#1: OS: Linux 5.18.7-200.fc36.x86_64
2022/07/05 22:41:17 [notice] 1#1: getrlimit(RLIMIT_NOFILE): 524288:524288
2022/07/05 22:41:17 [notice] 1#1: start worker processes
2022/07/05 22:41:17 [notice] 1#1: start worker process 25
2022/07/05 22:41:17 [notice] 1#1: start worker process 26
2022/07/05 22:41:17 [notice] 1#1: start worker process 27
2022/07/05 22:41:17 [notice] 1#1: start worker process 28
2022/07/05 22:41:17 [notice] 1#1: start worker process 29
2022/07/05 22:41:17 [notice] 1#1: start worker process 30
2022/07/05 22:41:17 [notice] 1#1: start worker process 31
2022/07/05 22:41:17 [notice] 1#1: start worker process 32
2022/07/05 22:41:40 [notice] 1#1: signal 3 (SIGQUIT) received, shutting down
2022/07/05 22:41:40 [notice] 25#25: gracefully shutting down
2022/07/05 22:41:40 [notice] 26#26: gracefully shutting down
2022/07/05 22:41:40 [notice] 27#27: gracefully shutting down
2022/07/05 22:41:40 [notice] 30#30: gracefully shutting down
2022/07/05 22:41:40 [notice] 25#25: exiting
2022/07/05 22:41:40 [notice] 29#29: gracefully shutting down
2022/07/05 22:41:40 [notice] 26#26: exiting
2022/07/05 22:41:40 [notice] 27#27: exiting
2022/07/05 22:41:40 [notice] 30#30: exiting
2022/07/05 22:41:40 [notice] 29#29: exiting
2022/07/05 22:41:40 [notice] 25#25: exit
2022/07/05 22:41:40 [notice] 26#26: exit
2022/07/05 22:41:40 [notice] 27#27: exit
2022/07/05 22:41:40 [notice] 30#30: exit
2022/07/05 22:41:40 [notice] 29#29: exit
2022/07/05 22:41:40 [notice] 32#32: gracefully shutting down
2022/07/05 22:41:40 [notice] 32#32: exiting
2022/07/05 22:41:40 [notice] 32#32: exit
2022/07/05 22:41:40 [notice] 31#31: gracefully shutting down
2022/07/05 22:41:40 [notice] 28#28: gracefully shutting down
2022/07/05 22:41:40 [notice] 31#31: exiting
2022/07/05 22:41:40 [notice] 28#28: exiting
2022/07/05 22:41:40 [notice] 31#31: exit
2022/07/05 22:41:40 [notice] 28#28: exit
2022/07/05 22:41:40 [notice] 1#1: signal 17 (SIGCHLD) received from 27
2022/07/05 22:41:40 [notice] 1#1: worker process 27 exited with code 0
2022/07/05 22:41:40 [notice] 1#1: signal 29 (SIGIO) received
2022/07/05 22:41:40 [notice] 1#1: signal 17 (SIGCHLD) received from 26
2022/07/05 22:41:40 [notice] 1#1: worker process 26 exited with code 0
2022/07/05 22:41:40 [notice] 1#1: worker process 28 exited with code 0
2022/07/05 22:41:40 [notice] 1#1: signal 29 (SIGIO) received
2022/07/05 22:41:40 [notice] 1#1: signal 17 (SIGCHLD) received from 30
2022/07/05 22:41:40 [notice] 1#1: worker process 30 exited with code 0
2022/07/05 22:41:40 [notice] 1#1: signal 29 (SIGIO) received
2022/07/05 22:41:40 [notice] 1#1: signal 17 (SIGCHLD) received from 32
2022/07/05 22:41:40 [notice] 1#1: worker process 32 exited with code 0
2022/07/05 22:41:40 [notice] 1#1: worker process 29 exited with code 0
2022/07/05 22:41:40 [notice] 1#1: worker process 31 exited with code 0
2022/07/05 22:41:40 [notice] 1#1: signal 29 (SIGIO) received
2022/07/05 22:41:40 [notice] 1#1: signal 17 (SIGCHLD) received from 31
2022/07/05 22:41:40 [notice] 1#1: signal 17 (SIGCHLD) received from 25
2022/07/05 22:41:40 [notice] 1#1: worker process 25 exited with code 0
2022/07/05 22:41:40 [notice] 1#1: exit
2022/07/05 22:44:03 [notice] 1#1: using the "epoll" event method
2022/07/05 22:44:03 [notice] 1#1: nginx/1.23.0
2022/07/05 22:44:03 [notice] 1#1: built by gcc 10.2.1 20210110 (Debian 10.2.1-6) 
2022/07/05 22:44:03 [notice] 1#1: OS: Linux 5.18.7-200.fc36.x86_64
2022/07/05 22:44:03 [notice] 1#1: getrlimit(RLIMIT_NOFILE): 524288:524288
2022/07/05 22:44:03 [notice] 1#1: start worker processes
2022/07/05 22:44:03 [notice] 1#1: start worker process 25
2022/07/05 22:44:03 [notice] 1#1: start worker process 26
2022/07/05 22:44:03 [notice] 1#1: start worker process 27
2022/07/05 22:44:03 [notice] 1#1: start worker process 28
2022/07/05 22:44:03 [notice] 1#1: start worker process 29
2022/07/05 22:44:03 [notice] 1#1: start worker process 30
2022/07/05 22:44:03 [notice] 1#1: start worker process 31
2022/07/05 22:44:03 [notice] 1#1: start worker process 32
2022/07/05 23:08:29 [notice] 1#1: signal 3 (SIGQUIT) received, shutting down
2022/07/05 23:08:29 [notice] 25#25: gracefully shutting down
2022/07/05 23:08:29 [notice] 26#26: gracefully shutting down
2022/07/05 23:08:29 [notice] 27#27: gracefully shutting down
2022/07/05 23:08:29 [notice] 25#25: exiting
2022/07/05 23:08:29 [notice] 28#28: gracefully shutting down
2022/07/05 23:08:29 [notice] 26#26: exiting
2022/07/05 23:08:29 [notice] 31#31: gracefully shutting down
2022/07/05 23:08:29 [notice] 30#30: gracefully shutting down
2022/07/05 23:08:29 [notice] 27#27: exiting
2022/07/05 23:08:29 [notice] 28#28: exiting
2022/07/05 23:08:29 [notice] 31#31: exiting
2022/07/05 23:08:29 [notice] 25#25: exit
2022/07/05 23:08:29 [notice] 30#30: exiting
2022/07/05 23:08:29 [notice] 26#26: exit
2022/07/05 23:08:29 [notice] 27#27: exit
2022/07/05 23:08:29 [notice] 28#28: exit
2022/07/05 23:08:29 [notice] 31#31: exit
2022/07/05 23:08:29 [notice] 30#30: exit
2022/07/05 23:08:29 [notice] 29#29: gracefully shutting down
2022/07/05 23:08:29 [notice] 29#29: exiting
2022/07/05 23:08:29 [notice] 29#29: exit
2022/07/05 23:08:29 [notice] 32#32: gracefully shutting down
2022/07/05 23:08:29 [notice] 32#32: exiting
2022/07/05 23:08:29 [notice] 32#32: exit
2022/07/05 23:08:29 [notice] 1#1: signal 17 (SIGCHLD) received from 27
2022/07/05 23:08:29 [notice] 1#1: worker process 25 exited with code 0
2022/07/05 23:08:29 [notice] 1#1: worker process 27 exited with code 0
2022/07/05 23:08:29 [notice] 1#1: signal 29 (SIGIO) received
2022/07/05 23:08:29 [notice] 1#1: signal 17 (SIGCHLD) received from 26
2022/07/05 23:08:29 [notice] 1#1: worker process 26 exited with code 0
2022/07/05 23:08:29 [notice] 1#1: signal 29 (SIGIO) received
2022/07/05 23:08:29 [notice] 1#1: signal 17 (SIGCHLD) received from 32
2022/07/05 23:08:29 [notice] 1#1: worker process 28 exited with code 0
2022/07/05 23:08:29 [notice] 1#1: worker process 32 exited with code 0
2022/07/05 23:08:29 [notice] 1#1: signal 29 (SIGIO) received
2022/07/05 23:08:29 [notice] 1#1: signal 17 (SIGCHLD) received from 28
2022/07/05 23:08:29 [notice] 1#1: signal 17 (SIGCHLD) received from 31
2022/07/05 23:08:29 [notice] 1#1: worker process 31 exited with code 0
2022/07/05 23:08:29 [notice] 1#1: signal 29 (SIGIO) received
2022/07/05 23:08:29 [notice] 1#1: signal 17 (SIGCHLD) received from 30
2022/07/05 23:08:29 [notice] 1#1: worker process 30 exited with code 0
2022/07/05 23:08:29 [notice] 1#1: signal 29 (SIGIO) received
2022/07/05 23:08:29 [notice] 1#1: signal 17 (SIGCHLD) received from 29
2022/07/05 23:08:29 [notice] 1#1: worker process 29 exited with code 0
2022/07/05 23:08:29 [notice] 1#1: exit
2022/07/05 23:08:30 [notice] 1#1: using the "epoll" event method
2022/07/05 23:08:30 [notice] 1#1: nginx/1.23.0
2022/07/05 23:08:30 [notice] 1#1: built by gcc 10.2.1 20210110 (Debian 10.2.1-6) 
2022/07/05 23:08:30 [notice] 1#1: OS: Linux 5.18.7-200.fc36.x86_64
2022/07/05 23:08:30 [notice] 1#1: getrlimit(RLIMIT_NOFILE): 524288:524288
2022/07/05 23:08:30 [notice] 1#1: start worker processes
2022/07/05 23:08:30 [notice] 1#1: start worker process 25
2022/07/05 23:08:30 [notice] 1#1: start worker process 26
2022/07/05 23:08:30 [notice] 1#1: start worker process 27
2022/07/05 23:08:30 [notice] 1#1: start worker process 28
2022/07/05 23:08:30 [notice] 1#1: start worker process 29
2022/07/05 23:08:30 [notice] 1#1: start worker process 30
2022/07/05 23:08:30 [notice] 1#1: start worker process 31
2022/07/05 23:08:30 [notice] 1#1: start worker process 32
2022/07/05 23:08:48 [notice] 1#1: signal 3 (SIGQUIT) received, shutting down
2022/07/05 23:08:48 [notice] 25#25: gracefully shutting down
2022/07/05 23:08:48 [notice] 26#26: gracefully shutting down
2022/07/05 23:08:48 [notice] 28#28: gracefully shutting down
2022/07/05 23:08:48 [notice] 27#27: gracefully shutting down
2022/07/05 23:08:48 [notice] 29#29: gracefully shutting down
2022/07/05 23:08:48 [notice] 30#30: gracefully shutting down
2022/07/05 23:08:48 [notice] 26#26: exiting
2022/07/05 23:08:48 [notice] 28#28: exiting
2022/07/05 23:08:48 [notice] 27#27: exiting
2022/07/05 23:08:48 [notice] 25#25: exiting
2022/07/05 23:08:48 [notice] 29#29: exiting
2022/07/05 23:08:48 [notice] 31#31: gracefully shutting down
2022/07/05 23:08:48 [notice] 30#30: exiting
2022/07/05 23:08:48 [notice] 28#28: exit
2022/07/05 23:08:48 [notice] 26#26: exit
2022/07/05 23:08:48 [notice] 31#31: exiting
2022/07/05 23:08:48 [notice] 25#25: exit
2022/07/05 23:08:48 [notice] 27#27: exit
2022/07/05 23:08:48 [notice] 29#29: exit
2022/07/05 23:08:48 [notice] 30#30: exit
2022/07/05 23:08:48 [notice] 31#31: exit
2022/07/05 23:08:48 [notice] 32#32: gracefully shutting down
2022/07/05 23:08:48 [notice] 32#32: exiting
2022/07/05 23:08:48 [notice] 32#32: exit
2022/07/05 23:08:48 [notice] 1#1: signal 17 (SIGCHLD) received from 28
2022/07/05 23:08:48 [notice] 1#1: worker process 28 exited with code 0
2022/07/05 23:08:48 [notice] 1#1: signal 29 (SIGIO) received
2022/07/05 23:08:48 [notice] 1#1: signal 17 (SIGCHLD) received from 30
2022/07/05 23:08:48 [notice] 1#1: worker process 26 exited with code 0
2022/07/05 23:08:48 [notice] 1#1: worker process 29 exited with code 0
2022/07/05 23:08:48 [notice] 1#1: worker process 30 exited with code 0
2022/07/05 23:08:48 [notice] 1#1: signal 29 (SIGIO) received
2022/07/05 23:08:48 [notice] 1#1: signal 17 (SIGCHLD) received from 29
2022/07/05 23:08:48 [notice] 1#1: signal 17 (SIGCHLD) received from 31
2022/07/05 23:08:48 [notice] 1#1: worker process 31 exited with code 0
2022/07/05 23:08:48 [notice] 1#1: signal 29 (SIGIO) received
2022/07/05 23:08:48 [notice] 1#1: signal 17 (SIGCHLD) received from 27
2022/07/05 23:08:48 [notice] 1#1: worker process 27 exited with code 0
2022/07/05 23:08:48 [notice] 1#1: signal 29 (SIGIO) received
2022/07/05 23:08:48 [notice] 1#1: signal 17 (SIGCHLD) received from 32
2022/07/05 23:08:48 [notice] 1#1: worker process 32 exited with code 0
2022/07/05 23:08:48 [notice] 1#1: signal 29 (SIGIO) received
2022/07/05 23:08:48 [notice] 1#1: signal 17 (SIGCHLD) received from 25
2022/07/05 23:08:48 [notice] 1#1: worker process 25 exited with code 0
2022/07/05 23:08:48 [notice] 1#1: exit
2022/07/05 23:08:50 [notice] 1#1: using the "epoll" event method
2022/07/05 23:08:50 [notice] 1#1: nginx/1.23.0
2022/07/05 23:08:50 [notice] 1#1: built by gcc 10.2.1 20210110 (Debian 10.2.1-6) 
2022/07/05 23:08:50 [notice] 1#1: OS: Linux 5.18.7-200.fc36.x86_64
2022/07/05 23:08:50 [notice] 1#1: getrlimit(RLIMIT_NOFILE): 524288:524288
2022/07/05 23:08:50 [notice] 1#1: start worker processes
2022/07/05 23:08:50 [notice] 1#1: start worker process 25
2022/07/05 23:08:50 [notice] 1#1: start worker process 26
2022/07/05 23:08:50 [notice] 1#1: start worker process 27
2022/07/05 23:08:50 [notice] 1#1: start worker process 28
2022/07/05 23:08:50 [notice] 1#1: start worker process 29
2022/07/05 23:08:50 [notice] 1#1: start worker process 30
2022/07/05 23:08:50 [notice] 1#1: start worker process 31
2022/07/05 23:08:50 [notice] 1#1: start worker process 32
2022/07/05 23:34:17 [notice] 1#1: signal 3 (SIGQUIT) received, shutting down
2022/07/05 23:34:17 [notice] 26#26: gracefully shutting down
2022/07/05 23:34:17 [notice] 27#27: gracefully shutting down
2022/07/05 23:34:17 [notice] 25#25: gracefully shutting down
2022/07/05 23:34:17 [notice] 29#29: gracefully shutting down
2022/07/05 23:34:17 [notice] 28#28: gracefully shutting down
2022/07/05 23:34:17 [notice] 31#31: gracefully shutting down
2022/07/05 23:34:17 [notice] 30#30: gracefully shutting down
2022/07/05 23:34:17 [notice] 26#26: exiting
2022/07/05 23:34:17 [notice] 27#27: exiting
2022/07/05 23:34:17 [notice] 25#25: exiting
2022/07/05 23:34:17 [notice] 29#29: exiting
2022/07/05 23:34:17 [notice] 28#28: exiting
2022/07/05 23:34:17 [notice] 31#31: exiting
2022/07/05 23:34:17 [notice] 30#30: exiting
2022/07/05 23:34:17 [notice] 27#27: exit
2022/07/05 23:34:17 [notice] 26#26: exit
2022/07/05 23:34:17 [notice] 29#29: exit
2022/07/05 23:34:17 [notice] 28#28: exit
2022/07/05 23:34:17 [notice] 31#31: exit
2022/07/05 23:34:17 [notice] 25#25: exit
2022/07/05 23:34:17 [notice] 30#30: exit
2022/07/05 23:34:17 [notice] 32#32: gracefully shutting down
2022/07/05 23:34:17 [notice] 32#32: exiting
2022/07/05 23:34:17 [notice] 32#32: exit
2022/07/05 23:34:17 [notice] 1#1: signal 17 (SIGCHLD) received from 31
2022/07/05 23:34:17 [notice] 1#1: worker process 25 exited with code 0
2022/07/05 23:34:17 [notice] 1#1: worker process 30 exited with code 0
2022/07/05 23:34:17 [notice] 1#1: worker process 31 exited with code 0
2022/07/05 23:34:17 [notice] 1#1: signal 29 (SIGIO) received
2022/07/05 23:34:17 [notice] 1#1: signal 17 (SIGCHLD) received from 25
2022/07/05 23:34:17 [notice] 1#1: signal 17 (SIGCHLD) received from 26
2022/07/05 23:34:17 [notice] 1#1: worker process 26 exited with code 0
2022/07/05 23:34:17 [notice] 1#1: signal 29 (SIGIO) received
2022/07/05 23:34:17 [notice] 1#1: signal 17 (SIGCHLD) received from 32
2022/07/05 23:34:17 [notice] 1#1: worker process 32 exited with code 0
2022/07/05 23:34:17 [notice] 1#1: signal 29 (SIGIO) received
2022/07/05 23:34:17 [notice] 1#1: signal 17 (SIGCHLD) received from 27
2022/07/05 23:34:17 [notice] 1#1: worker process 27 exited with code 0
2022/07/05 23:34:17 [notice] 1#1: signal 29 (SIGIO) received
2022/07/05 23:34:17 [notice] 1#1: signal 17 (SIGCHLD) received from 28
2022/07/05 23:34:17 [notice] 1#1: worker process 28 exited with code 0
2022/07/05 23:34:17 [notice] 1#1: signal 29 (SIGIO) received
2022/07/05 23:34:17 [notice] 1#1: signal 17 (SIGCHLD) received from 29
2022/07/05 23:34:17 [notice] 1#1: worker process 29 exited with code 0
2022/07/05 23:34:17 [notice] 1#1: exit
2022/07/05 23:56:06 [emerg] 1#1: host not found in upstream "test_run_app" in /etc/nginx/conf.d/default.conf:19
2022/07/06 00:12:20 [notice] 1#1: using the "epoll" event method
2022/07/06 00:12:20 [notice] 1#1: nginx/1.23.0
2022/07/06 00:12:20 [notice] 1#1: built by gcc 10.2.1 20210110 (Debian 10.2.1-6) 
2022/07/06 00:12:20 [notice] 1#1: OS: Linux 5.18.7-200.fc36.x86_64
2022/07/06 00:12:20 [notice] 1#1: getrlimit(RLIMIT_NOFILE): 524288:524288
2022/07/06 00:12:20 [notice] 1#1: start worker processes
2022/07/06 00:12:20 [notice] 1#1: start worker process 25
2022/07/06 00:12:20 [notice] 1#1: start worker process 26
2022/07/06 00:12:20 [notice] 1#1: start worker process 27
2022/07/06 00:12:20 [notice] 1#1: start worker process 28
2022/07/06 00:12:20 [notice] 1#1: start worker process 29
2022/07/06 00:12:20 [notice] 1#1: start worker process 30
2022/07/06 00:12:20 [notice] 1#1: start worker process 31
2022/07/06 00:12:20 [notice] 1#1: start worker process 32
